<?xml version="1.0" encoding="UTF-8"?>
<testsuite name="com.pitter.api.controller.MemberControllerTest" tests="19" skipped="0" failures="0" errors="0" timestamp="2022-01-14T16:53:03" hostname="jeongdaun-ui-MacBookAir.local" time="0.99">
  <properties/>
  <testcase name="join_fail_Invalid_MemberRequestDto_nickName_should_be_LessOrEquals_than_10" classname="com.pitter.api.controller.MemberControllerTest" time="0.352"/>
  <testcase name="join_fail_invalid_MemberRequestDto_email_no_companyName_dot" classname="com.pitter.api.controller.MemberControllerTest" time="0.027"/>
  <testcase name="join_fail_invalid_MemberRequestDto_email_null" classname="com.pitter.api.controller.MemberControllerTest" time="0.014"/>
  <testcase name="join_fail_invalid_MemberRequestDto_email_no_special_character" classname="com.pitter.api.controller.MemberControllerTest" time="0.017"/>
  <testcase name="join_fail_invalid_MemberRequestDto_email_no_account_email" classname="com.pitter.api.controller.MemberControllerTest" time="0.022"/>
  <testcase name="join_fail_invalid_MemberRequestDto_password_empty" classname="com.pitter.api.controller.MemberControllerTest" time="0.011"/>
  <testcase name="join_success" classname="com.pitter.api.controller.MemberControllerTest" time="0.372"/>
  <testcase name="join_fail_invalid_MemberRequestDto_email_whitespace" classname="com.pitter.api.controller.MemberControllerTest" time="0.017"/>
  <testcase name="join_fail_Invalid_MemberRequestDto_nickName_whitespace" classname="com.pitter.api.controller.MemberControllerTest" time="0.012"/>
  <testcase name="join_fail_Invalid_MemberRequestDto_nickName_null" classname="com.pitter.api.controller.MemberControllerTest" time="0.011"/>
  <testcase name="join_fail_Invalid_MemberRequestDto_nickName_empty" classname="com.pitter.api.controller.MemberControllerTest" time="0.01"/>
  <testcase name="join_fail_invalid_MemberRequestDto_password_whitespace" classname="com.pitter.api.controller.MemberControllerTest" time="0.011"/>
  <testcase name="join_fail_invalid_MemberRequestDto_password_no_special_Character" classname="com.pitter.api.controller.MemberControllerTest" time="0.016"/>
  <testcase name="join_fail_invalid_MemberRequestDto_password_null" classname="com.pitter.api.controller.MemberControllerTest" time="0.016"/>
  <testcase name="join_fail_invalid_MemberRequestDto_email_no_companyname" classname="com.pitter.api.controller.MemberControllerTest" time="0.009"/>
  <testcase name="join_fail_invalid_MemberRequestDto_password_no_number" classname="com.pitter.api.controller.MemberControllerTest" time="0.006"/>
  <testcase name="join_fail_invalid_MemberRequestDto_password_no_upperCase" classname="com.pitter.api.controller.MemberControllerTest" time="0.006"/>
  <testcase name="join_fail_invalid_MemberRequestDto_email_empty" classname="com.pitter.api.controller.MemberControllerTest" time="0.01"/>
  <testcase name="join_fail_Invalid_MemberRequestDto_nickName_should_be_greaterOrEquals_than_2" classname="com.pitter.api.controller.MemberControllerTest" time="0.005"/>
  <system-out><![CDATA[01:52:52.260 [Test worker] DEBUG org.springframework.test.annotation.ProfileValueUtils - Retrieved @ProfileValueSourceConfiguration [null] for test class [com.pitter.api.controller.MemberControllerTest]
01:52:52.260 [Test worker] DEBUG org.springframework.test.annotation.ProfileValueUtils - Retrieved ProfileValueSource type [class org.springframework.test.annotation.SystemProfileValueSource] for class [com.pitter.api.controller.MemberControllerTest]
01:52:52.260 [Test worker] DEBUG org.springframework.test.annotation.ProfileValueUtils - Retrieved @ProfileValueSourceConfiguration [null] for test class [com.pitter.api.controller.MemberControllerTest]
01:52:52.261 [Test worker] DEBUG org.springframework.test.annotation.ProfileValueUtils - Retrieved ProfileValueSource type [class org.springframework.test.annotation.SystemProfileValueSource] for class [com.pitter.api.controller.MemberControllerTest]
01:52:52.303 [Test worker] DEBUG org.springframework.test.context.support.AbstractDirtiesContextTestExecutionListener - Before test class: context [DefaultTestContext@1a1d3c1a testClass = MemberControllerTest, testInstance = [null], testMethod = [null], testException = [null], mergedContextConfiguration = [WebMergedContextConfiguration@1c65121 testClass = MemberControllerTest, locations = '{}', classes = '{class com.pitter.Application}', contextInitializerClasses = '[]', activeProfiles = '{}', propertySourceLocations = '{}', propertySourceProperties = '{org.springframework.boot.test.context.SpringBootTestContextBootstrapper=true}', contextCustomizers = set[org.springframework.boot.test.autoconfigure.properties.PropertyMappingContextCustomizer@4b3fa0b3, org.springframework.boot.test.autoconfigure.web.servlet.WebDriverContextCustomizerFactory$Customizer@2cc44ad, [ImportsContextCustomizer@159e366 key = [org.springframework.boot.test.autoconfigure.web.servlet.MockMvcAutoConfiguration, org.springframework.boot.test.autoconfigure.web.servlet.MockMvcWebClientAutoConfiguration, org.springframework.boot.test.autoconfigure.web.servlet.MockMvcWebDriverAutoConfiguration, org.springframework.boot.autoconfigure.security.servlet.SecurityAutoConfiguration, org.springframework.boot.autoconfigure.security.servlet.UserDetailsServiceAutoConfiguration, org.springframework.boot.test.autoconfigure.web.servlet.MockMvcSecurityConfiguration]], org.springframework.boot.test.context.filter.ExcludeFilterContextCustomizer@6ebf0f36, org.springframework.boot.test.json.DuplicateJsonObjectContextCustomizerFactory$DuplicateJsonObjectContextCustomizer@72c28d64, org.springframework.boot.test.mock.mockito.MockitoContextCustomizer@0, org.springframework.boot.test.web.client.TestRestTemplateContextCustomizer@7216fb24], resourceBasePath = 'src/main/webapp', contextLoader = 'org.springframework.boot.test.context.SpringBootContextLoader', parent = [null]], attributes = map['org.springframework.test.context.web.ServletTestExecutionListener.activateListener' -> true]], class annotated with @DirtiesContext [false] with mode [null].
01:52:52.342 [Test worker] DEBUG org.springframework.test.annotation.ProfileValueUtils - Retrieved @ProfileValueSourceConfiguration [null] for test class [com.pitter.api.controller.MemberControllerTest]
01:52:52.344 [Test worker] DEBUG org.springframework.test.annotation.ProfileValueUtils - Retrieved ProfileValueSource type [class org.springframework.test.annotation.SystemProfileValueSource] for class [com.pitter.api.controller.MemberControllerTest]
01:52:52.403 [Test worker] DEBUG org.springframework.test.context.support.TestPropertySourceUtils - Adding inlined properties to environment: {spring.jmx.enabled=false, org.springframework.boot.test.context.SpringBootTestContextBootstrapper=true, server.port=-1}

  .   ____          _            __ _ _
 /\\ / ___'_ __ _ _(_)_ __  __ _ \ \ \ \
( ( )\___ | '_ | '_| | '_ \/ _` | \ \ \ \
 \\/  ___)| |_)| | | | | || (_| |  ) ) ) )
  '  |____| .__|_| |_|_| |_\__, | / / / /
 =========|_|==============|___/=/_/_/_/
 :: Spring Boot ::        (v2.2.2.RELEASE)

2022-01-15 01:52:57.957  INFO 11380 --- [    Test worker] c.p.api.controller.MemberControllerTest  : Starting MemberControllerTest on jeongdaun-ui-MacBookAir.local with PID 11380 (started by jeongdaun in /Users/jeongdaun/Desktop/JPA/demo)
2022-01-15 01:52:57.959  INFO 11380 --- [    Test worker] c.p.api.controller.MemberControllerTest  : No active profile set, falling back to default profiles: default
2022-01-15 01:52:58.991  INFO 11380 --- [    Test worker] .s.d.r.c.RepositoryConfigurationDelegate : Bootstrapping Spring Data JPA repositories in DEFAULT mode.
2022-01-15 01:52:59.118  INFO 11380 --- [    Test worker] .s.d.r.c.RepositoryConfigurationDelegate : Finished Spring Data repository scanning in 118ms. Found 2 JPA repository interfaces.
2022-01-15 01:52:59.706  INFO 11380 --- [    Test worker] trationDelegate$BeanPostProcessorChecker : Bean 'org.springframework.transaction.annotation.ProxyTransactionManagementConfiguration' of type [org.springframework.transaction.annotation.ProxyTransactionManagementConfiguration] is not eligible for getting processed by all BeanPostProcessors (for example: not eligible for auto-proxying)
2022-01-15 01:53:00.142  INFO 11380 --- [    Test worker] o.hibernate.jpa.internal.util.LogHelper  : HHH000204: Processing PersistenceUnitInfo [name: default]
2022-01-15 01:53:00.231  INFO 11380 --- [    Test worker] org.hibernate.Version                    : HHH000412: Hibernate Core {5.4.9.Final}
2022-01-15 01:53:00.368  INFO 11380 --- [    Test worker] o.hibernate.annotations.common.Version   : HCANN000001: Hibernate Commons Annotations {5.1.0.Final}
2022-01-15 01:53:00.468  INFO 11380 --- [    Test worker] com.zaxxer.hikari.HikariDataSource       : HikariPool-1 - Starting...
2022-01-15 01:53:00.671  INFO 11380 --- [    Test worker] com.zaxxer.hikari.HikariDataSource       : HikariPool-1 - Start completed.
2022-01-15 01:53:00.689  INFO 11380 --- [    Test worker] org.hibernate.dialect.Dialect            : HHH000400: Using dialect: org.hibernate.dialect.H2Dialect
Hibernate: 
    
    drop table body_profile_history if exists
Hibernate: 
    
    drop table member if exists
Hibernate: 
    
    drop sequence if exists hibernate_sequence
Hibernate: create sequence hibernate_sequence start with 1 increment by 1
Hibernate: 
    
    create table body_profile_history (
       body_profile_history_id bigint not null,
        created_by varchar(255),
        created_date timestamp,
        last_modified_by varchar(255),
        last_modified_date timestamp,
        bmi double not null,
        check_at timestamp,
        current_weight double not null,
        height double not null,
        target_weight double not null,
        member_id bigint,
        primary key (body_profile_history_id)
    )
Hibernate: 
    
    create table member (
       member_id bigint not null,
        created_by varchar(255),
        created_date timestamp,
        last_modified_by varchar(255),
        last_modified_date timestamp,
        email varchar(255),
        nick_name varchar(10),
        primary key (member_id)
    )
Hibernate: 
    
    alter table member 
       add constraint UK_mbmcqelty0fbrvxp1q58dn57t unique (email)
Hibernate: 
    
    alter table member 
       add constraint UK_f3xpkeiwuq8kwkt45lkvanwsd unique (nick_name)
Hibernate: 
    
    alter table body_profile_history 
       add constraint FKa5ittdsyjsp7k15668t16vadk 
       foreign key (member_id) 
       references member
2022-01-15 01:53:01.591  INFO 11380 --- [    Test worker] o.h.e.t.j.p.i.JtaPlatformInitiator       : HHH000490: Using JtaPlatform implementation: [org.hibernate.engine.transaction.jta.platform.internal.NoJtaPlatform]
2022-01-15 01:53:01.598  INFO 11380 --- [    Test worker] j.LocalContainerEntityManagerFactoryBean : Initialized JPA EntityManagerFactory for persistence unit 'default'
2022-01-15 01:53:02.842  WARN 11380 --- [    Test worker] JpaBaseConfiguration$JpaWebConfiguration : spring.jpa.open-in-view is enabled by default. Therefore, database queries may be performed during view rendering. Explicitly configure spring.jpa.open-in-view to disable this warning
2022-01-15 01:53:03.294  INFO 11380 --- [    Test worker] o.s.s.concurrent.ThreadPoolTaskExecutor  : Initializing ExecutorService 'applicationTaskExecutor'
2022-01-15 01:53:03.845  INFO 11380 --- [    Test worker] o.s.b.t.m.w.SpringBootMockServletContext : Initializing Spring TestDispatcherServlet ''
2022-01-15 01:53:03.845  INFO 11380 --- [    Test worker] o.s.t.web.servlet.TestDispatcherServlet  : Initializing Servlet ''
2022-01-15 01:53:03.861  INFO 11380 --- [    Test worker] o.s.t.web.servlet.TestDispatcherServlet  : Completed initialization in 16 ms
2022-01-15 01:53:03.940  INFO 11380 --- [    Test worker] c.p.api.controller.MemberControllerTest  : Started MemberControllerTest in 11.523 seconds (JVM running for 13.507)
2022-01-15 01:53:04.088  INFO 11380 --- [    Test worker] o.s.b.t.m.w.SpringBootMockServletContext : Initializing Spring TestDispatcherServlet ''
2022-01-15 01:53:04.090  INFO 11380 --- [    Test worker] o.s.t.web.servlet.TestDispatcherServlet  : Initializing Servlet ''
2022-01-15 01:53:04.097  INFO 11380 --- [    Test worker] o.s.t.web.servlet.TestDispatcherServlet  : Completed initialization in 6 ms
2022-01-15 01:53:04.292  WARN 11380 --- [    Test worker] .w.s.m.s.DefaultHandlerExceptionResolver : Resolved [org.springframework.web.bind.MethodArgumentNotValidException: Validation failed for argument [0] in public com.pitter.api.dto.MemberJoinResponse com.pitter.api.controller.MemberController.join(com.pitter.api.dto.MemberJoinRequest): [Field error in object 'memberJoinRequest' on field 'nickName': rejected value [testertester12]; codes [Length.memberJoinRequest.nickName,Length.nickName,Length.java.lang.String,Length]; arguments [org.springframework.context.support.DefaultMessageSourceResolvable: codes [memberJoinRequest.nickName,nickName]; arguments []; default message [nickName],10,2]; default message [length must be between 2 and 10]] ]

MockHttpServletRequest:
      HTTP Method = POST
      Request URI = /members
       Parameters = {}
          Headers = [Content-Type:"application/json", Content-Length:"78"]
             Body = <no character encoding set>
    Session Attrs = {}

Handler:
             Type = com.pitter.api.controller.MemberController
           Method = com.pitter.api.controller.MemberController#join(MemberJoinRequest)

Async:
    Async started = false
     Async result = null

Resolved Exception:
             Type = org.springframework.web.bind.MethodArgumentNotValidException

ModelAndView:
        View name = null
             View = null
            Model = null

FlashMap:
       Attributes = null

MockHttpServletResponse:
           Status = 400
    Error message = null
          Headers = []
     Content type = null
             Body = 
    Forwarded URL = null
   Redirected URL = null
          Cookies = []
2022-01-15 01:53:04.331  INFO 11380 --- [    Test worker] o.s.b.t.m.w.SpringBootMockServletContext : Initializing Spring TestDispatcherServlet ''
2022-01-15 01:53:04.331  INFO 11380 --- [    Test worker] o.s.t.web.servlet.TestDispatcherServlet  : Initializing Servlet ''
2022-01-15 01:53:04.334  INFO 11380 --- [    Test worker] o.s.t.web.servlet.TestDispatcherServlet  : Completed initialization in 3 ms
2022-01-15 01:53:04.344  WARN 11380 --- [    Test worker] .w.s.m.s.DefaultHandlerExceptionResolver : Resolved [org.springframework.web.bind.MethodArgumentNotValidException: Validation failed for argument [0] in public com.pitter.api.dto.MemberJoinResponse com.pitter.api.controller.MemberController.join(com.pitter.api.dto.MemberJoinRequest): [Field error in object 'memberJoinRequest' on field 'email': rejected value [tester@test]; codes [Pattern.memberJoinRequest.email,Pattern.email,Pattern.java.lang.String,Pattern]; arguments [org.springframework.context.support.DefaultMessageSourceResolvable: codes [memberJoinRequest.email,email]; arguments []; default message [email],[Ljavax.validation.constraints.Pattern$Flag;@59043128,\w+@\w+\.\w+(\.\w+)?]; default message [올바르지 않은 이메일 형식입니다.]] ]

MockHttpServletRequest:
      HTTP Method = POST
      Request URI = /members
       Parameters = {}
          Headers = [Content-Type:"application/json", Content-Length:"65"]
             Body = <no character encoding set>
    Session Attrs = {}

Handler:
             Type = com.pitter.api.controller.MemberController
           Method = com.pitter.api.controller.MemberController#join(MemberJoinRequest)

Async:
    Async started = false
     Async result = null

Resolved Exception:
             Type = org.springframework.web.bind.MethodArgumentNotValidException

ModelAndView:
        View name = null
             View = null
            Model = null

FlashMap:
       Attributes = null

MockHttpServletResponse:
           Status = 400
    Error message = null
          Headers = []
     Content type = null
             Body = 
    Forwarded URL = null
   Redirected URL = null
          Cookies = []
2022-01-15 01:53:04.358  INFO 11380 --- [    Test worker] o.s.b.t.m.w.SpringBootMockServletContext : Initializing Spring TestDispatcherServlet ''
2022-01-15 01:53:04.359  INFO 11380 --- [    Test worker] o.s.t.web.servlet.TestDispatcherServlet  : Initializing Servlet ''
2022-01-15 01:53:04.363  INFO 11380 --- [    Test worker] o.s.t.web.servlet.TestDispatcherServlet  : Completed initialization in 3 ms
2022-01-15 01:53:04.367  WARN 11380 --- [    Test worker] .w.s.m.s.DefaultHandlerExceptionResolver : Resolved [org.springframework.web.bind.MethodArgumentNotValidException: Validation failed for argument [0] in public com.pitter.api.dto.MemberJoinResponse com.pitter.api.controller.MemberController.join(com.pitter.api.dto.MemberJoinRequest): [Field error in object 'memberJoinRequest' on field 'email': rejected value [null]; codes [NotBlank.memberJoinRequest.email,NotBlank.email,NotBlank.java.lang.String,NotBlank]; arguments [org.springframework.context.support.DefaultMessageSourceResolvable: codes [memberJoinRequest.email,email]; arguments []; default message [email]]; default message [이메일은 필수 입력 값입니다.]] ]

MockHttpServletRequest:
      HTTP Method = POST
      Request URI = /members
       Parameters = {}
          Headers = [Content-Type:"application/json", Content-Length:"43"]
             Body = <no character encoding set>
    Session Attrs = {}

Handler:
             Type = com.pitter.api.controller.MemberController
           Method = com.pitter.api.controller.MemberController#join(MemberJoinRequest)

Async:
    Async started = false
     Async result = null

Resolved Exception:
             Type = org.springframework.web.bind.MethodArgumentNotValidException

ModelAndView:
        View name = null
             View = null
            Model = null

FlashMap:
       Attributes = null

MockHttpServletResponse:
           Status = 400
    Error message = null
          Headers = []
     Content type = null
             Body = 
    Forwarded URL = null
   Redirected URL = null
          Cookies = []
2022-01-15 01:53:04.378  INFO 11380 --- [    Test worker] o.s.b.t.m.w.SpringBootMockServletContext : Initializing Spring TestDispatcherServlet ''
2022-01-15 01:53:04.379  INFO 11380 --- [    Test worker] o.s.t.web.servlet.TestDispatcherServlet  : Initializing Servlet ''
2022-01-15 01:53:04.381  INFO 11380 --- [    Test worker] o.s.t.web.servlet.TestDispatcherServlet  : Completed initialization in 2 ms
2022-01-15 01:53:04.385  WARN 11380 --- [    Test worker] .w.s.m.s.DefaultHandlerExceptionResolver : Resolved [org.springframework.web.bind.MethodArgumentNotValidException: Validation failed for argument [0] in public com.pitter.api.dto.MemberJoinResponse com.pitter.api.controller.MemberController.join(com.pitter.api.dto.MemberJoinRequest): [Field error in object 'memberJoinRequest' on field 'email': rejected value [tester!gmail.com]; codes [Pattern.memberJoinRequest.email,Pattern.email,Pattern.java.lang.String,Pattern]; arguments [org.springframework.context.support.DefaultMessageSourceResolvable: codes [memberJoinRequest.email,email]; arguments []; default message [email],[Ljavax.validation.constraints.Pattern$Flag;@59043128,\w+@\w+\.\w+(\.\w+)?]; default message [올바르지 않은 이메일 형식입니다.]] ]

MockHttpServletRequest:
      HTTP Method = POST
      Request URI = /members
       Parameters = {}
          Headers = [Content-Type:"application/json", Content-Length:"70"]
             Body = <no character encoding set>
    Session Attrs = {}

Handler:
             Type = com.pitter.api.controller.MemberController
           Method = com.pitter.api.controller.MemberController#join(MemberJoinRequest)

Async:
    Async started = false
     Async result = null

Resolved Exception:
             Type = org.springframework.web.bind.MethodArgumentNotValidException

ModelAndView:
        View name = null
             View = null
            Model = null

FlashMap:
       Attributes = null

MockHttpServletResponse:
           Status = 400
    Error message = null
          Headers = []
     Content type = null
             Body = 
    Forwarded URL = null
   Redirected URL = null
          Cookies = []
2022-01-15 01:53:04.397  INFO 11380 --- [    Test worker] o.s.b.t.m.w.SpringBootMockServletContext : Initializing Spring TestDispatcherServlet ''
2022-01-15 01:53:04.398  INFO 11380 --- [    Test worker] o.s.t.web.servlet.TestDispatcherServlet  : Initializing Servlet ''
2022-01-15 01:53:04.404  INFO 11380 --- [    Test worker] o.s.t.web.servlet.TestDispatcherServlet  : Completed initialization in 6 ms
2022-01-15 01:53:04.414  WARN 11380 --- [    Test worker] .w.s.m.s.DefaultHandlerExceptionResolver : Resolved [org.springframework.web.bind.MethodArgumentNotValidException: Validation failed for argument [0] in public com.pitter.api.dto.MemberJoinResponse com.pitter.api.controller.MemberController.join(com.pitter.api.dto.MemberJoinRequest): [Field error in object 'memberJoinRequest' on field 'email': rejected value [@test.com]; codes [Pattern.memberJoinRequest.email,Pattern.email,Pattern.java.lang.String,Pattern]; arguments [org.springframework.context.support.DefaultMessageSourceResolvable: codes [memberJoinRequest.email,email]; arguments []; default message [email],[Ljavax.validation.constraints.Pattern$Flag;@59043128,\w+@\w+\.\w+(\.\w+)?]; default message [올바르지 않은 이메일 형식입니다.]] ]

MockHttpServletRequest:
      HTTP Method = POST
      Request URI = /members
       Parameters = {}
          Headers = [Content-Type:"application/json", Content-Length:"63"]
             Body = <no character encoding set>
    Session Attrs = {}

Handler:
             Type = com.pitter.api.controller.MemberController
           Method = com.pitter.api.controller.MemberController#join(MemberJoinRequest)

Async:
    Async started = false
     Async result = null

Resolved Exception:
             Type = org.springframework.web.bind.MethodArgumentNotValidException

ModelAndView:
        View name = null
             View = null
            Model = null

FlashMap:
       Attributes = null

MockHttpServletResponse:
           Status = 400
    Error message = null
          Headers = []
     Content type = null
             Body = 
    Forwarded URL = null
   Redirected URL = null
          Cookies = []
2022-01-15 01:53:04.421  INFO 11380 --- [    Test worker] o.s.b.t.m.w.SpringBootMockServletContext : Initializing Spring TestDispatcherServlet ''
2022-01-15 01:53:04.421  INFO 11380 --- [    Test worker] o.s.t.web.servlet.TestDispatcherServlet  : Initializing Servlet ''
2022-01-15 01:53:04.423  INFO 11380 --- [    Test worker] o.s.t.web.servlet.TestDispatcherServlet  : Completed initialization in 2 ms
2022-01-15 01:53:04.426  WARN 11380 --- [    Test worker] .w.s.m.s.DefaultHandlerExceptionResolver : Resolved [org.springframework.web.bind.MethodArgumentNotValidException: Validation failed for argument [0] in public com.pitter.api.dto.MemberJoinResponse com.pitter.api.controller.MemberController.join(com.pitter.api.dto.MemberJoinRequest) with 2 errors: [Field error in object 'memberJoinRequest' on field 'password': rejected value []; codes [NotBlank.memberJoinRequest.password,NotBlank.password,NotBlank.java.lang.String,NotBlank]; arguments [org.springframework.context.support.DefaultMessageSourceResolvable: codes [memberJoinRequest.password,password]; arguments []; default message [password]]; default message [비밀번호는 필수 입력 값입니다.]] [Field error in object 'memberJoinRequest' on field 'password': rejected value []; codes [Pattern.memberJoinRequest.password,Pattern.password,Pattern.java.lang.String,Pattern]; arguments [org.springframework.context.support.DefaultMessageSourceResolvable: codes [memberJoinRequest.password,password]; arguments []; default message [password],[Ljavax.validation.constraints.Pattern$Flag;@59043128,(?=.*[0-9])(?=.*[a-z])(?=.*[A-Z])(?=.*[!@#$%^&+=])(?=\S+$).{8,20}]; default message [비밀번호는 영문 대,소문자와 숫자, 특수기호가 적어도 1개 이상씩 포함된 8자 ~ 20자의 비밀번호여야 합니다.]] ]

MockHttpServletRequest:
      HTTP Method = POST
      Request URI = /members
       Parameters = {}
          Headers = [Content-Type:"application/json", Content-Length:"63"]
             Body = <no character encoding set>
    Session Attrs = {}

Handler:
             Type = com.pitter.api.controller.MemberController
           Method = com.pitter.api.controller.MemberController#join(MemberJoinRequest)

Async:
    Async started = false
     Async result = null

Resolved Exception:
             Type = org.springframework.web.bind.MethodArgumentNotValidException

ModelAndView:
        View name = null
             View = null
            Model = null

FlashMap:
       Attributes = null

MockHttpServletResponse:
           Status = 400
    Error message = null
          Headers = []
     Content type = null
             Body = 
    Forwarded URL = null
   Redirected URL = null
          Cookies = []
2022-01-15 01:53:04.435  INFO 11380 --- [    Test worker] o.s.b.t.m.w.SpringBootMockServletContext : Initializing Spring TestDispatcherServlet ''
2022-01-15 01:53:04.436  INFO 11380 --- [    Test worker] o.s.t.web.servlet.TestDispatcherServlet  : Initializing Servlet ''
2022-01-15 01:53:04.444  INFO 11380 --- [    Test worker] o.s.t.web.servlet.TestDispatcherServlet  : Completed initialization in 8 ms
Hibernate: 
    select
        member0_.member_id as member_i1_1_,
        member0_.created_by as created_2_1_,
        member0_.created_date as created_3_1_,
        member0_.last_modified_by as last_mod4_1_,
        member0_.last_modified_date as last_mod5_1_,
        member0_.email as email6_1_,
        member0_.nick_name as nick_nam7_1_ 
    from
        member member0_ 
    where
        member0_.email=?
Hibernate: 
    select
        member0_.member_id as member_i1_1_,
        member0_.created_by as created_2_1_,
        member0_.created_date as created_3_1_,
        member0_.last_modified_by as last_mod4_1_,
        member0_.last_modified_date as last_mod5_1_,
        member0_.email as email6_1_,
        member0_.nick_name as nick_nam7_1_ 
    from
        member member0_ 
    where
        member0_.nick_name=?
Hibernate: 
    call next value for hibernate_sequence
Hibernate: 
    insert 
    into
        member
        (created_by, created_date, last_modified_by, last_modified_date, email, nick_name, member_id) 
    values
        (?, ?, ?, ?, ?, ?, ?)

MockHttpServletRequest:
      HTTP Method = POST
      Request URI = /members
       Parameters = {}
          Headers = [Content-Type:"application/json", Content-Length:"70"]
             Body = <no character encoding set>
    Session Attrs = {}

Handler:
             Type = com.pitter.api.controller.MemberController
           Method = com.pitter.api.controller.MemberController#join(MemberJoinRequest)

Async:
    Async started = false
     Async result = null

Resolved Exception:
             Type = null

ModelAndView:
        View name = null
             View = null
            Model = null

FlashMap:
       Attributes = null

MockHttpServletResponse:
           Status = 200
    Error message = null
          Headers = [Content-Type:"application/json"]
     Content type = application/json
             Body = {"id":1,"nickName":"tester","email":"test1@pitter.com"}
    Forwarded URL = null
   Redirected URL = null
          Cookies = []
2022-01-15 01:53:04.816  INFO 11380 --- [    Test worker] o.s.b.t.m.w.SpringBootMockServletContext : Initializing Spring TestDispatcherServlet ''
2022-01-15 01:53:04.817  INFO 11380 --- [    Test worker] o.s.t.web.servlet.TestDispatcherServlet  : Initializing Servlet ''
2022-01-15 01:53:04.822  INFO 11380 --- [    Test worker] o.s.t.web.servlet.TestDispatcherServlet  : Completed initialization in 5 ms
2022-01-15 01:53:04.825  WARN 11380 --- [    Test worker] .w.s.m.s.DefaultHandlerExceptionResolver : Resolved [org.springframework.web.bind.MethodArgumentNotValidException: Validation failed for argument [0] in public com.pitter.api.dto.MemberJoinResponse com.pitter.api.controller.MemberController.join(com.pitter.api.dto.MemberJoinRequest) with 2 errors: [Field error in object 'memberJoinRequest' on field 'email': rejected value [ ]; codes [Pattern.memberJoinRequest.email,Pattern.email,Pattern.java.lang.String,Pattern]; arguments [org.springframework.context.support.DefaultMessageSourceResolvable: codes [memberJoinRequest.email,email]; arguments []; default message [email],[Ljavax.validation.constraints.Pattern$Flag;@59043128,\w+@\w+\.\w+(\.\w+)?]; default message [올바르지 않은 이메일 형식입니다.]] [Field error in object 'memberJoinRequest' on field 'email': rejected value [ ]; codes [NotBlank.memberJoinRequest.email,NotBlank.email,NotBlank.java.lang.String,NotBlank]; arguments [org.springframework.context.support.DefaultMessageSourceResolvable: codes [memberJoinRequest.email,email]; arguments []; default message [email]]; default message [이메일은 필수 입력 값입니다.]] ]

MockHttpServletRequest:
      HTTP Method = POST
      Request URI = /members
       Parameters = {}
          Headers = [Content-Type:"application/json", Content-Length:"55"]
             Body = <no character encoding set>
    Session Attrs = {}

Handler:
             Type = com.pitter.api.controller.MemberController
           Method = com.pitter.api.controller.MemberController#join(MemberJoinRequest)

Async:
    Async started = false
     Async result = null

Resolved Exception:
             Type = org.springframework.web.bind.MethodArgumentNotValidException

ModelAndView:
        View name = null
             View = null
            Model = null

FlashMap:
       Attributes = null

MockHttpServletResponse:
           Status = 400
    Error message = null
          Headers = []
     Content type = null
             Body = 
    Forwarded URL = null
   Redirected URL = null
          Cookies = []
2022-01-15 01:53:04.833  INFO 11380 --- [    Test worker] o.s.b.t.m.w.SpringBootMockServletContext : Initializing Spring TestDispatcherServlet ''
2022-01-15 01:53:04.833  INFO 11380 --- [    Test worker] o.s.t.web.servlet.TestDispatcherServlet  : Initializing Servlet ''
2022-01-15 01:53:04.835  INFO 11380 --- [    Test worker] o.s.t.web.servlet.TestDispatcherServlet  : Completed initialization in 2 ms
2022-01-15 01:53:04.837  WARN 11380 --- [    Test worker] .w.s.m.s.DefaultHandlerExceptionResolver : Resolved [org.springframework.web.bind.MethodArgumentNotValidException: Validation failed for argument [0] in public com.pitter.api.dto.MemberJoinResponse com.pitter.api.controller.MemberController.join(com.pitter.api.dto.MemberJoinRequest) with 2 errors: [Field error in object 'memberJoinRequest' on field 'nickName': rejected value [ ]; codes [NotBlank.memberJoinRequest.nickName,NotBlank.nickName,NotBlank.java.lang.String,NotBlank]; arguments [org.springframework.context.support.DefaultMessageSourceResolvable: codes [memberJoinRequest.nickName,nickName]; arguments []; default message [nickName]]; default message [닉네임은 필수 입력 값입니다.]] [Field error in object 'memberJoinRequest' on field 'nickName': rejected value [ ]; codes [Length.memberJoinRequest.nickName,Length.nickName,Length.java.lang.String,Length]; arguments [org.springframework.context.support.DefaultMessageSourceResolvable: codes [memberJoinRequest.nickName,nickName]; arguments []; default message [nickName],10,2]; default message [length must be between 2 and 10]] ]

MockHttpServletRequest:
      HTTP Method = POST
      Request URI = /members
       Parameters = {}
          Headers = [Content-Type:"application/json", Content-Length:"65"]
             Body = <no character encoding set>
    Session Attrs = {}

Handler:
             Type = com.pitter.api.controller.MemberController
           Method = com.pitter.api.controller.MemberController#join(MemberJoinRequest)

Async:
    Async started = false
     Async result = null

Resolved Exception:
             Type = org.springframework.web.bind.MethodArgumentNotValidException

ModelAndView:
        View name = null
             View = null
            Model = null

FlashMap:
       Attributes = null

MockHttpServletResponse:
           Status = 400
    Error message = null
          Headers = []
     Content type = null
             Body = 
    Forwarded URL = null
   Redirected URL = null
          Cookies = []
2022-01-15 01:53:04.851  INFO 11380 --- [    Test worker] o.s.b.t.m.w.SpringBootMockServletContext : Initializing Spring TestDispatcherServlet ''
2022-01-15 01:53:04.851  INFO 11380 --- [    Test worker] o.s.t.web.servlet.TestDispatcherServlet  : Initializing Servlet ''
2022-01-15 01:53:04.853  INFO 11380 --- [    Test worker] o.s.t.web.servlet.TestDispatcherServlet  : Completed initialization in 2 ms
2022-01-15 01:53:04.858  WARN 11380 --- [    Test worker] .w.s.m.s.DefaultHandlerExceptionResolver : Resolved [org.springframework.web.bind.MethodArgumentNotValidException: Validation failed for argument [0] in public com.pitter.api.dto.MemberJoinResponse com.pitter.api.controller.MemberController.join(com.pitter.api.dto.MemberJoinRequest): [Field error in object 'memberJoinRequest' on field 'nickName': rejected value [null]; codes [NotBlank.memberJoinRequest.nickName,NotBlank.nickName,NotBlank.java.lang.String,NotBlank]; arguments [org.springframework.context.support.DefaultMessageSourceResolvable: codes [memberJoinRequest.nickName,nickName]; arguments []; default message [nickName]]; default message [닉네임은 필수 입력 값입니다.]] ]

MockHttpServletRequest:
      HTTP Method = POST
      Request URI = /members
       Parameters = {}
          Headers = [Content-Type:"application/json", Content-Length:"50"]
             Body = <no character encoding set>
    Session Attrs = {}

Handler:
             Type = com.pitter.api.controller.MemberController
           Method = com.pitter.api.controller.MemberController#join(MemberJoinRequest)

Async:
    Async started = false
     Async result = null

Resolved Exception:
             Type = org.springframework.web.bind.MethodArgumentNotValidException

ModelAndView:
        View name = null
             View = null
            Model = null

FlashMap:
       Attributes = null

MockHttpServletResponse:
           Status = 400
    Error message = null
          Headers = []
     Content type = null
             Body = 
    Forwarded URL = null
   Redirected URL = null
          Cookies = []
2022-01-15 01:53:04.862  INFO 11380 --- [    Test worker] o.s.b.t.m.w.SpringBootMockServletContext : Initializing Spring TestDispatcherServlet ''
2022-01-15 01:53:04.863  INFO 11380 --- [    Test worker] o.s.t.web.servlet.TestDispatcherServlet  : Initializing Servlet ''
2022-01-15 01:53:04.864  INFO 11380 --- [    Test worker] o.s.t.web.servlet.TestDispatcherServlet  : Completed initialization in 1 ms
2022-01-15 01:53:04.866  WARN 11380 --- [    Test worker] .w.s.m.s.DefaultHandlerExceptionResolver : Resolved [org.springframework.web.bind.MethodArgumentNotValidException: Validation failed for argument [0] in public com.pitter.api.dto.MemberJoinResponse com.pitter.api.controller.MemberController.join(com.pitter.api.dto.MemberJoinRequest) with 2 errors: [Field error in object 'memberJoinRequest' on field 'nickName': rejected value []; codes [Length.memberJoinRequest.nickName,Length.nickName,Length.java.lang.String,Length]; arguments [org.springframework.context.support.DefaultMessageSourceResolvable: codes [memberJoinRequest.nickName,nickName]; arguments []; default message [nickName],10,2]; default message [length must be between 2 and 10]] [Field error in object 'memberJoinRequest' on field 'nickName': rejected value []; codes [NotBlank.memberJoinRequest.nickName,NotBlank.nickName,NotBlank.java.lang.String,NotBlank]; arguments [org.springframework.context.support.DefaultMessageSourceResolvable: codes [memberJoinRequest.nickName,nickName]; arguments []; default message [nickName]]; default message [닉네임은 필수 입력 값입니다.]] ]

MockHttpServletRequest:
      HTTP Method = POST
      Request URI = /members
       Parameters = {}
          Headers = [Content-Type:"application/json", Content-Length:"64"]
             Body = <no character encoding set>
    Session Attrs = {}

Handler:
             Type = com.pitter.api.controller.MemberController
           Method = com.pitter.api.controller.MemberController#join(MemberJoinRequest)

Async:
    Async started = false
     Async result = null

Resolved Exception:
             Type = org.springframework.web.bind.MethodArgumentNotValidException

ModelAndView:
        View name = null
             View = null
            Model = null

FlashMap:
       Attributes = null

MockHttpServletResponse:
           Status = 400
    Error message = null
          Headers = []
     Content type = null
             Body = 
    Forwarded URL = null
   Redirected URL = null
          Cookies = []
2022-01-15 01:53:04.874  INFO 11380 --- [    Test worker] o.s.b.t.m.w.SpringBootMockServletContext : Initializing Spring TestDispatcherServlet ''
2022-01-15 01:53:04.875  INFO 11380 --- [    Test worker] o.s.t.web.servlet.TestDispatcherServlet  : Initializing Servlet ''
2022-01-15 01:53:04.878  INFO 11380 --- [    Test worker] o.s.t.web.servlet.TestDispatcherServlet  : Completed initialization in 3 ms
2022-01-15 01:53:04.880  WARN 11380 --- [    Test worker] .w.s.m.s.DefaultHandlerExceptionResolver : Resolved [org.springframework.web.bind.MethodArgumentNotValidException: Validation failed for argument [0] in public com.pitter.api.dto.MemberJoinResponse com.pitter.api.controller.MemberController.join(com.pitter.api.dto.MemberJoinRequest) with 2 errors: [Field error in object 'memberJoinRequest' on field 'password': rejected value [ ]; codes [Pattern.memberJoinRequest.password,Pattern.password,Pattern.java.lang.String,Pattern]; arguments [org.springframework.context.support.DefaultMessageSourceResolvable: codes [memberJoinRequest.password,password]; arguments []; default message [password],[Ljavax.validation.constraints.Pattern$Flag;@59043128,(?=.*[0-9])(?=.*[a-z])(?=.*[A-Z])(?=.*[!@#$%^&+=])(?=\S+$).{8,20}]; default message [비밀번호는 영문 대,소문자와 숫자, 특수기호가 적어도 1개 이상씩 포함된 8자 ~ 20자의 비밀번호여야 합니다.]] [Field error in object 'memberJoinRequest' on field 'password': rejected value [ ]; codes [NotBlank.memberJoinRequest.password,NotBlank.password,NotBlank.java.lang.String,NotBlank]; arguments [org.springframework.context.support.DefaultMessageSourceResolvable: codes [memberJoinRequest.password,password]; arguments []; default message [password]]; default message [비밀번호는 필수 입력 값입니다.]] ]

MockHttpServletRequest:
      HTTP Method = POST
      Request URI = /members
       Parameters = {}
          Headers = [Content-Type:"application/json", Content-Length:"64"]
             Body = <no character encoding set>
    Session Attrs = {}

Handler:
             Type = com.pitter.api.controller.MemberController
           Method = com.pitter.api.controller.MemberController#join(MemberJoinRequest)

Async:
    Async started = false
     Async result = null

Resolved Exception:
             Type = org.springframework.web.bind.MethodArgumentNotValidException

ModelAndView:
        View name = null
             View = null
            Model = null

FlashMap:
       Attributes = null

MockHttpServletResponse:
           Status = 400
    Error message = null
          Headers = []
     Content type = null
             Body = 
    Forwarded URL = null
   Redirected URL = null
          Cookies = []
2022-01-15 01:53:04.886  INFO 11380 --- [    Test worker] o.s.b.t.m.w.SpringBootMockServletContext : Initializing Spring TestDispatcherServlet ''
2022-01-15 01:53:04.887  INFO 11380 --- [    Test worker] o.s.t.web.servlet.TestDispatcherServlet  : Initializing Servlet ''
2022-01-15 01:53:04.891  INFO 11380 --- [    Test worker] o.s.t.web.servlet.TestDispatcherServlet  : Completed initialization in 1 ms
2022-01-15 01:53:04.895  WARN 11380 --- [    Test worker] .w.s.m.s.DefaultHandlerExceptionResolver : Resolved [org.springframework.web.bind.MethodArgumentNotValidException: Validation failed for argument [0] in public com.pitter.api.dto.MemberJoinResponse com.pitter.api.controller.MemberController.join(com.pitter.api.dto.MemberJoinRequest): [Field error in object 'memberJoinRequest' on field 'password': rejected value [xptmxm123]; codes [Pattern.memberJoinRequest.password,Pattern.password,Pattern.java.lang.String,Pattern]; arguments [org.springframework.context.support.DefaultMessageSourceResolvable: codes [memberJoinRequest.password,password]; arguments []; default message [password],[Ljavax.validation.constraints.Pattern$Flag;@59043128,(?=.*[0-9])(?=.*[a-z])(?=.*[A-Z])(?=.*[!@#$%^&+=])(?=\S+$).{8,20}]; default message [비밀번호는 영문 대,소문자와 숫자, 특수기호가 적어도 1개 이상씩 포함된 8자 ~ 20자의 비밀번호여야 합니다.]] ]

MockHttpServletRequest:
      HTTP Method = POST
      Request URI = /members
       Parameters = {}
          Headers = [Content-Type:"application/json", Content-Length:"72"]
             Body = <no character encoding set>
    Session Attrs = {}

Handler:
             Type = com.pitter.api.controller.MemberController
           Method = com.pitter.api.controller.MemberController#join(MemberJoinRequest)

Async:
    Async started = false
     Async result = null

Resolved Exception:
             Type = org.springframework.web.bind.MethodArgumentNotValidException

ModelAndView:
        View name = null
             View = null
            Model = null

FlashMap:
       Attributes = null

MockHttpServletResponse:
           Status = 400
    Error message = null
          Headers = []
     Content type = null
             Body = 
    Forwarded URL = null
   Redirected URL = null
          Cookies = []
2022-01-15 01:53:04.907  INFO 11380 --- [    Test worker] o.s.b.t.m.w.SpringBootMockServletContext : Initializing Spring TestDispatcherServlet ''
2022-01-15 01:53:04.908  INFO 11380 --- [    Test worker] o.s.t.web.servlet.TestDispatcherServlet  : Initializing Servlet ''
2022-01-15 01:53:04.909  INFO 11380 --- [    Test worker] o.s.t.web.servlet.TestDispatcherServlet  : Completed initialization in 1 ms
2022-01-15 01:53:04.915  WARN 11380 --- [    Test worker] .w.s.m.s.DefaultHandlerExceptionResolver : Resolved [org.springframework.web.bind.MethodArgumentNotValidException: Validation failed for argument [0] in public com.pitter.api.dto.MemberJoinResponse com.pitter.api.controller.MemberController.join(com.pitter.api.dto.MemberJoinRequest): [Field error in object 'memberJoinRequest' on field 'password': rejected value [null]; codes [NotBlank.memberJoinRequest.password,NotBlank.password,NotBlank.java.lang.String,NotBlank]; arguments [org.springframework.context.support.DefaultMessageSourceResolvable: codes [memberJoinRequest.password,password]; arguments []; default message [password]]; default message [비밀번호는 필수 입력 값입니다.]] ]

MockHttpServletRequest:
      HTTP Method = POST
      Request URI = /members
       Parameters = {}
          Headers = [Content-Type:"application/json", Content-Length:"49"]
             Body = <no character encoding set>
    Session Attrs = {}

Handler:
             Type = com.pitter.api.controller.MemberController
           Method = com.pitter.api.controller.MemberController#join(MemberJoinRequest)

Async:
    Async started = false
     Async result = null

Resolved Exception:
             Type = org.springframework.web.bind.MethodArgumentNotValidException

ModelAndView:
        View name = null
             View = null
            Model = null

FlashMap:
       Attributes = null

MockHttpServletResponse:
           Status = 400
    Error message = null
          Headers = []
     Content type = null
             Body = 
    Forwarded URL = null
   Redirected URL = null
          Cookies = []
2022-01-15 01:53:04.924  INFO 11380 --- [    Test worker] o.s.b.t.m.w.SpringBootMockServletContext : Initializing Spring TestDispatcherServlet ''
2022-01-15 01:53:04.925  INFO 11380 --- [    Test worker] o.s.t.web.servlet.TestDispatcherServlet  : Initializing Servlet ''
2022-01-15 01:53:04.926  INFO 11380 --- [    Test worker] o.s.t.web.servlet.TestDispatcherServlet  : Completed initialization in 1 ms
2022-01-15 01:53:04.929  WARN 11380 --- [    Test worker] .w.s.m.s.DefaultHandlerExceptionResolver : Resolved [org.springframework.web.bind.MethodArgumentNotValidException: Validation failed for argument [0] in public com.pitter.api.dto.MemberJoinResponse com.pitter.api.controller.MemberController.join(com.pitter.api.dto.MemberJoinRequest): [Field error in object 'memberJoinRequest' on field 'email': rejected value [tester@]; codes [Pattern.memberJoinRequest.email,Pattern.email,Pattern.java.lang.String,Pattern]; arguments [org.springframework.context.support.DefaultMessageSourceResolvable: codes [memberJoinRequest.email,email]; arguments []; default message [email],[Ljavax.validation.constraints.Pattern$Flag;@59043128,\w+@\w+\.\w+(\.\w+)?]; default message [올바르지 않은 이메일 형식입니다.]] ]

MockHttpServletRequest:
      HTTP Method = POST
      Request URI = /members
       Parameters = {}
          Headers = [Content-Type:"application/json", Content-Length:"61"]
             Body = <no character encoding set>
    Session Attrs = {}

Handler:
             Type = com.pitter.api.controller.MemberController
           Method = com.pitter.api.controller.MemberController#join(MemberJoinRequest)

Async:
    Async started = false
     Async result = null

Resolved Exception:
             Type = org.springframework.web.bind.MethodArgumentNotValidException

ModelAndView:
        View name = null
             View = null
            Model = null

FlashMap:
       Attributes = null

MockHttpServletResponse:
           Status = 400
    Error message = null
          Headers = []
     Content type = null
             Body = 
    Forwarded URL = null
   Redirected URL = null
          Cookies = []
2022-01-15 01:53:04.934  INFO 11380 --- [    Test worker] o.s.b.t.m.w.SpringBootMockServletContext : Initializing Spring TestDispatcherServlet ''
2022-01-15 01:53:04.934  INFO 11380 --- [    Test worker] o.s.t.web.servlet.TestDispatcherServlet  : Initializing Servlet ''
2022-01-15 01:53:04.935  INFO 11380 --- [    Test worker] o.s.t.web.servlet.TestDispatcherServlet  : Completed initialization in 1 ms
2022-01-15 01:53:04.937  WARN 11380 --- [    Test worker] .w.s.m.s.DefaultHandlerExceptionResolver : Resolved [org.springframework.web.bind.MethodArgumentNotValidException: Validation failed for argument [0] in public com.pitter.api.dto.MemberJoinResponse com.pitter.api.controller.MemberController.join(com.pitter.api.dto.MemberJoinRequest): [Field error in object 'memberJoinRequest' on field 'password': rejected value [xptmxm!@!@a]; codes [Pattern.memberJoinRequest.password,Pattern.password,Pattern.java.lang.String,Pattern]; arguments [org.springframework.context.support.DefaultMessageSourceResolvable: codes [memberJoinRequest.password,password]; arguments []; default message [password],[Ljavax.validation.constraints.Pattern$Flag;@59043128,(?=.*[0-9])(?=.*[a-z])(?=.*[A-Z])(?=.*[!@#$%^&+=])(?=\S+$).{8,20}]; default message [비밀번호는 영문 대,소문자와 숫자, 특수기호가 적어도 1개 이상씩 포함된 8자 ~ 20자의 비밀번호여야 합니다.]] ]

MockHttpServletRequest:
      HTTP Method = POST
      Request URI = /members
       Parameters = {}
          Headers = [Content-Type:"application/json", Content-Length:"74"]
             Body = <no character encoding set>
    Session Attrs = {}

Handler:
             Type = com.pitter.api.controller.MemberController
           Method = com.pitter.api.controller.MemberController#join(MemberJoinRequest)

Async:
    Async started = false
     Async result = null

Resolved Exception:
             Type = org.springframework.web.bind.MethodArgumentNotValidException

ModelAndView:
        View name = null
             View = null
            Model = null

FlashMap:
       Attributes = null

MockHttpServletResponse:
           Status = 400
    Error message = null
          Headers = []
     Content type = null
             Body = 
    Forwarded URL = null
   Redirected URL = null
          Cookies = []
2022-01-15 01:53:04.941  INFO 11380 --- [    Test worker] o.s.b.t.m.w.SpringBootMockServletContext : Initializing Spring TestDispatcherServlet ''
2022-01-15 01:53:04.941  INFO 11380 --- [    Test worker] o.s.t.web.servlet.TestDispatcherServlet  : Initializing Servlet ''
2022-01-15 01:53:04.942  INFO 11380 --- [    Test worker] o.s.t.web.servlet.TestDispatcherServlet  : Completed initialization in 1 ms
2022-01-15 01:53:04.944  WARN 11380 --- [    Test worker] .w.s.m.s.DefaultHandlerExceptionResolver : Resolved [org.springframework.web.bind.MethodArgumentNotValidException: Validation failed for argument [0] in public com.pitter.api.dto.MemberJoinResponse com.pitter.api.controller.MemberController.join(com.pitter.api.dto.MemberJoinRequest): [Field error in object 'memberJoinRequest' on field 'password': rejected value [xptmxm12!]; codes [Pattern.memberJoinRequest.password,Pattern.password,Pattern.java.lang.String,Pattern]; arguments [org.springframework.context.support.DefaultMessageSourceResolvable: codes [memberJoinRequest.password,password]; arguments []; default message [password],[Ljavax.validation.constraints.Pattern$Flag;@59043128,(?=.*[0-9])(?=.*[a-z])(?=.*[A-Z])(?=.*[!@#$%^&+=])(?=\S+$).{8,20}]; default message [비밀번호는 영문 대,소문자와 숫자, 특수기호가 적어도 1개 이상씩 포함된 8자 ~ 20자의 비밀번호여야 합니다.]] ]

MockHttpServletRequest:
      HTTP Method = POST
      Request URI = /members
       Parameters = {}
          Headers = [Content-Type:"application/json", Content-Length:"72"]
             Body = <no character encoding set>
    Session Attrs = {}

Handler:
             Type = com.pitter.api.controller.MemberController
           Method = com.pitter.api.controller.MemberController#join(MemberJoinRequest)

Async:
    Async started = false
     Async result = null

Resolved Exception:
             Type = org.springframework.web.bind.MethodArgumentNotValidException

ModelAndView:
        View name = null
             View = null
            Model = null

FlashMap:
       Attributes = null

MockHttpServletResponse:
           Status = 400
    Error message = null
          Headers = []
     Content type = null
             Body = 
    Forwarded URL = null
   Redirected URL = null
          Cookies = []
2022-01-15 01:53:04.947  INFO 11380 --- [    Test worker] o.s.b.t.m.w.SpringBootMockServletContext : Initializing Spring TestDispatcherServlet ''
2022-01-15 01:53:04.948  INFO 11380 --- [    Test worker] o.s.t.web.servlet.TestDispatcherServlet  : Initializing Servlet ''
2022-01-15 01:53:04.949  INFO 11380 --- [    Test worker] o.s.t.web.servlet.TestDispatcherServlet  : Completed initialization in 1 ms
2022-01-15 01:53:04.952  WARN 11380 --- [    Test worker] .w.s.m.s.DefaultHandlerExceptionResolver : Resolved [org.springframework.web.bind.MethodArgumentNotValidException: Validation failed for argument [0] in public com.pitter.api.dto.MemberJoinResponse com.pitter.api.controller.MemberController.join(com.pitter.api.dto.MemberJoinRequest) with 2 errors: [Field error in object 'memberJoinRequest' on field 'email': rejected value []; codes [NotBlank.memberJoinRequest.email,NotBlank.email,NotBlank.java.lang.String,NotBlank]; arguments [org.springframework.context.support.DefaultMessageSourceResolvable: codes [memberJoinRequest.email,email]; arguments []; default message [email]]; default message [이메일은 필수 입력 값입니다.]] [Field error in object 'memberJoinRequest' on field 'email': rejected value []; codes [Pattern.memberJoinRequest.email,Pattern.email,Pattern.java.lang.String,Pattern]; arguments [org.springframework.context.support.DefaultMessageSourceResolvable: codes [memberJoinRequest.email,email]; arguments []; default message [email],[Ljavax.validation.constraints.Pattern$Flag;@59043128,\w+@\w+\.\w+(\.\w+)?]; default message [올바르지 않은 이메일 형식입니다.]] ]

MockHttpServletRequest:
      HTTP Method = POST
      Request URI = /members
       Parameters = {}
          Headers = [Content-Type:"application/json", Content-Length:"54"]
             Body = <no character encoding set>
    Session Attrs = {}

Handler:
             Type = com.pitter.api.controller.MemberController
           Method = com.pitter.api.controller.MemberController#join(MemberJoinRequest)

Async:
    Async started = false
     Async result = null

Resolved Exception:
             Type = org.springframework.web.bind.MethodArgumentNotValidException

ModelAndView:
        View name = null
             View = null
            Model = null

FlashMap:
       Attributes = null

MockHttpServletResponse:
           Status = 400
    Error message = null
          Headers = []
     Content type = null
             Body = 
    Forwarded URL = null
   Redirected URL = null
          Cookies = []
2022-01-15 01:53:04.957  INFO 11380 --- [    Test worker] o.s.b.t.m.w.SpringBootMockServletContext : Initializing Spring TestDispatcherServlet ''
2022-01-15 01:53:04.958  INFO 11380 --- [    Test worker] o.s.t.web.servlet.TestDispatcherServlet  : Initializing Servlet ''
2022-01-15 01:53:04.958  INFO 11380 --- [    Test worker] o.s.t.web.servlet.TestDispatcherServlet  : Completed initialization in 0 ms
2022-01-15 01:53:04.960  WARN 11380 --- [    Test worker] .w.s.m.s.DefaultHandlerExceptionResolver : Resolved [org.springframework.web.bind.MethodArgumentNotValidException: Validation failed for argument [0] in public com.pitter.api.dto.MemberJoinResponse com.pitter.api.controller.MemberController.join(com.pitter.api.dto.MemberJoinRequest): [Field error in object 'memberJoinRequest' on field 'nickName': rejected value [t]; codes [Length.memberJoinRequest.nickName,Length.nickName,Length.java.lang.String,Length]; arguments [org.springframework.context.support.DefaultMessageSourceResolvable: codes [memberJoinRequest.nickName,nickName]; arguments []; default message [nickName],10,2]; default message [length must be between 2 and 10]] ]

MockHttpServletRequest:
      HTTP Method = POST
      Request URI = /members
       Parameters = {}
          Headers = [Content-Type:"application/json", Content-Length:"65"]
             Body = <no character encoding set>
    Session Attrs = {}

Handler:
             Type = com.pitter.api.controller.MemberController
           Method = com.pitter.api.controller.MemberController#join(MemberJoinRequest)

Async:
    Async started = false
     Async result = null

Resolved Exception:
             Type = org.springframework.web.bind.MethodArgumentNotValidException

ModelAndView:
        View name = null
             View = null
            Model = null

FlashMap:
       Attributes = null

MockHttpServletResponse:
           Status = 400
    Error message = null
          Headers = []
     Content type = null
             Body = 
    Forwarded URL = null
   Redirected URL = null
          Cookies = []
]]></system-out>
  <system-err><![CDATA[]]></system-err>
</testsuite>
