<?xml version="1.0" encoding="UTF-8"?>
<testsuite name="com.pitter.domain.repository.BodyProfileHistoryRepositoryTest" tests="1" skipped="0" failures="0" errors="0" timestamp="2022-01-14T15:39:02" hostname="jeongdaun-ui-MacBookAir.local" time="0.325">
  <properties/>
  <testcase name="findHistoryByCheckAtBetween_success" classname="com.pitter.domain.repository.BodyProfileHistoryRepositoryTest" time="0.325"/>
  <system-out><![CDATA[
  .   ____          _            __ _ _
 /\\ / ___'_ __ _ _(_)_ __  __ _ \ \ \ \
( ( )\___ | '_ | '_| | '_ \/ _` | \ \ \ \
 \\/  ___)| |_)| | | | | || (_| |  ) ) ) )
  '  |____| .__|_| |_|_| |_\__, | / / / /
 =========|_|==============|___/=/_/_/_/
 :: Spring Boot ::        (v2.2.2.RELEASE)

2022-01-15 00:38:55.733  WARN 10386 --- [    Test worker] o.s.boot.StartupInfoLogger               : InetAddress.getLocalHost().getHostName() took 5006 milliseconds to respond. Please verify your network configuration (macOS machines may need to add entries to /etc/hosts).
2022-01-15 00:39:00.739  INFO 10386 --- [    Test worker] c.p.d.r.BodyProfileHistoryRepositoryTest : Starting BodyProfileHistoryRepositoryTest on jeongdaun-ui-MacBookAir.local with PID 10386 (started by jeongdaun in /Users/jeongdaun/Desktop/JPA/demo)
2022-01-15 00:39:00.741  INFO 10386 --- [    Test worker] c.p.d.r.BodyProfileHistoryRepositoryTest : No active profile set, falling back to default profiles: default
2022-01-15 00:39:01.299  INFO 10386 --- [    Test worker] .s.d.r.c.RepositoryConfigurationDelegate : Bootstrapping Spring Data JPA repositories in DEFAULT mode.
2022-01-15 00:39:01.393  INFO 10386 --- [    Test worker] .s.d.r.c.RepositoryConfigurationDelegate : Finished Spring Data repository scanning in 83ms. Found 2 JPA repository interfaces.
2022-01-15 00:39:01.671  INFO 10386 --- [    Test worker] trationDelegate$BeanPostProcessorChecker : Bean 'org.springframework.transaction.annotation.ProxyTransactionManagementConfiguration' of type [org.springframework.transaction.annotation.ProxyTransactionManagementConfiguration] is not eligible for getting processed by all BeanPostProcessors (for example: not eligible for auto-proxying)
2022-01-15 00:39:01.856  INFO 10386 --- [    Test worker] o.hibernate.jpa.internal.util.LogHelper  : HHH000204: Processing PersistenceUnitInfo [name: default]
2022-01-15 00:39:01.870  INFO 10386 --- [    Test worker] com.zaxxer.hikari.HikariDataSource       : HikariPool-2 - Starting...
2022-01-15 00:39:01.878  INFO 10386 --- [    Test worker] com.zaxxer.hikari.HikariDataSource       : HikariPool-2 - Start completed.
2022-01-15 00:39:01.879  INFO 10386 --- [    Test worker] org.hibernate.dialect.Dialect            : HHH000400: Using dialect: org.hibernate.dialect.H2Dialect
Hibernate: 
    
    drop table body_profile_history if exists
Hibernate: 
    
    drop table member if exists
Hibernate: 
    
    drop sequence if exists hibernate_sequence
Hibernate: create sequence hibernate_sequence start with 1 increment by 1
Hibernate: 
    
    create table body_profile_history (
       body_profile_history_id bigint not null,
        created_by varchar(255),
        created_date timestamp,
        last_modified_by varchar(255),
        last_modified_date timestamp,
        bmi double not null,
        check_at timestamp,
        current_weight double not null,
        height double not null,
        target_weight double not null,
        member_id bigint,
        primary key (body_profile_history_id)
    )
Hibernate: 
    
    create table member (
       member_id bigint not null,
        created_by varchar(255),
        created_date timestamp,
        last_modified_by varchar(255),
        last_modified_date timestamp,
        email varchar(255),
        nick_name varchar(10),
        primary key (member_id)
    )
Hibernate: 
    
    alter table member 
       add constraint UK_mbmcqelty0fbrvxp1q58dn57t unique (email)
Hibernate: 
    
    alter table member 
       add constraint UK_f3xpkeiwuq8kwkt45lkvanwsd unique (nick_name)
Hibernate: 
    
    alter table body_profile_history 
       add constraint FKa5ittdsyjsp7k15668t16vadk 
       foreign key (member_id) 
       references member
2022-01-15 00:39:02.005  INFO 10386 --- [    Test worker] o.h.e.t.j.p.i.JtaPlatformInitiator       : HHH000490: Using JtaPlatform implementation: [org.hibernate.engine.transaction.jta.platform.internal.NoJtaPlatform]
2022-01-15 00:39:02.006  INFO 10386 --- [    Test worker] j.LocalContainerEntityManagerFactoryBean : Initialized JPA EntityManagerFactory for persistence unit 'default'
2022-01-15 00:39:02.309  WARN 10386 --- [    Test worker] JpaBaseConfiguration$JpaWebConfiguration : spring.jpa.open-in-view is enabled by default. Therefore, database queries may be performed during view rendering. Explicitly configure spring.jpa.open-in-view to disable this warning
2022-01-15 00:39:02.476  INFO 10386 --- [    Test worker] o.s.s.concurrent.ThreadPoolTaskExecutor  : Initializing ExecutorService 'applicationTaskExecutor'
2022-01-15 00:39:02.792  INFO 10386 --- [    Test worker] c.p.d.r.BodyProfileHistoryRepositoryTest : Started BodyProfileHistoryRepositoryTest in 17.157 seconds (JVM running for 42.988)
2022-01-15 00:39:02.824  INFO 10386 --- [    Test worker] o.s.t.c.transaction.TransactionContext   : Began transaction (1) for test context [DefaultTestContext@b1fa523 testClass = BodyProfileHistoryRepositoryTest, testInstance = com.pitter.domain.repository.BodyProfileHistoryRepositoryTest@77307b51, testMethod = findHistoryByCheckAtBetween_success@BodyProfileHistoryRepositoryTest, testException = [null], mergedContextConfiguration = [WebMergedContextConfiguration@48d464cf testClass = BodyProfileHistoryRepositoryTest, locations = '{}', classes = '{class com.pitter.Application}', contextInitializerClasses = '[]', activeProfiles = '{}', propertySourceLocations = '{}', propertySourceProperties = '{org.springframework.boot.test.context.SpringBootTestContextBootstrapper=true}', contextCustomizers = set[org.springframework.boot.test.autoconfigure.properties.PropertyMappingContextCustomizer@0, org.springframework.boot.test.autoconfigure.web.servlet.WebDriverContextCustomizerFactory$Customizer@2df9b86, org.springframework.boot.test.context.filter.ExcludeFilterContextCustomizer@16610890, org.springframework.boot.test.json.DuplicateJsonObjectContextCustomizerFactory$DuplicateJsonObjectContextCustomizer@4d465b11, org.springframework.boot.test.mock.mockito.MockitoContextCustomizer@0, org.springframework.boot.test.web.client.TestRestTemplateContextCustomizer@7e7be63f], resourceBasePath = 'src/main/webapp', contextLoader = 'org.springframework.boot.test.context.SpringBootContextLoader', parent = [null]], attributes = map['org.springframework.test.context.web.ServletTestExecutionListener.activateListener' -> true, 'org.springframework.test.context.web.ServletTestExecutionListener.populatedRequestContextHolder' -> true, 'org.springframework.test.context.web.ServletTestExecutionListener.resetRequestContextHolder' -> true]]; transaction manager [org.springframework.orm.jpa.JpaTransactionManager@2346f77a]; rollback [true]
Hibernate: 
    call next value for hibernate_sequence
Hibernate: 
    call next value for hibernate_sequence
Hibernate: 
    call next value for hibernate_sequence
Hibernate: 
    call next value for hibernate_sequence
Hibernate: 
    insert 
    into
        member
        (created_by, created_date, last_modified_by, last_modified_date, email, nick_name, member_id) 
    values
        (?, ?, ?, ?, ?, ?, ?)
Hibernate: 
    insert 
    into
        body_profile_history
        (created_by, created_date, last_modified_by, last_modified_date, bmi, check_at, current_weight, height, target_weight, member_id, body_profile_history_id) 
    values
        (?, ?, ?, ?, ?, ?, ?, ?, ?, ?, ?)
Hibernate: 
    insert 
    into
        body_profile_history
        (created_by, created_date, last_modified_by, last_modified_date, bmi, check_at, current_weight, height, target_weight, member_id, body_profile_history_id) 
    values
        (?, ?, ?, ?, ?, ?, ?, ?, ?, ?, ?)
Hibernate: 
    insert 
    into
        body_profile_history
        (created_by, created_date, last_modified_by, last_modified_date, bmi, check_at, current_weight, height, target_weight, member_id, body_profile_history_id) 
    values
        (?, ?, ?, ?, ?, ?, ?, ?, ?, ?, ?)
Hibernate: 
    select
        bodyprofil0_.body_profile_history_id as body_pro1_0_,
        bodyprofil0_.created_by as created_2_0_,
        bodyprofil0_.created_date as created_3_0_,
        bodyprofil0_.last_modified_by as last_mod4_0_,
        bodyprofil0_.last_modified_date as last_mod5_0_,
        bodyprofil0_.bmi as bmi6_0_,
        bodyprofil0_.check_at as check_at7_0_,
        bodyprofil0_.current_weight as current_8_0_,
        bodyprofil0_.height as height9_0_,
        bodyprofil0_.target_weight as target_10_0_,
        bodyprofil0_.member_id as member_11_0_ 
    from
        body_profile_history bodyprofil0_ cross 
    join
        member member1_ 
    where
        bodyprofil0_.member_id=member1_.member_id 
        and bodyprofil0_.check_at>=? 
        and bodyprofil0_.check_at<=? 
        and member1_.nick_name=?
2022-01-15 00:39:03.125  INFO 10386 --- [    Test worker] o.s.t.c.transaction.TransactionContext   : Rolled back transaction for test: [DefaultTestContext@b1fa523 testClass = BodyProfileHistoryRepositoryTest, testInstance = com.pitter.domain.repository.BodyProfileHistoryRepositoryTest@77307b51, testMethod = findHistoryByCheckAtBetween_success@BodyProfileHistoryRepositoryTest, testException = [null], mergedContextConfiguration = [WebMergedContextConfiguration@48d464cf testClass = BodyProfileHistoryRepositoryTest, locations = '{}', classes = '{class com.pitter.Application}', contextInitializerClasses = '[]', activeProfiles = '{}', propertySourceLocations = '{}', propertySourceProperties = '{org.springframework.boot.test.context.SpringBootTestContextBootstrapper=true}', contextCustomizers = set[org.springframework.boot.test.autoconfigure.properties.PropertyMappingContextCustomizer@0, org.springframework.boot.test.autoconfigure.web.servlet.WebDriverContextCustomizerFactory$Customizer@2df9b86, org.springframework.boot.test.context.filter.ExcludeFilterContextCustomizer@16610890, org.springframework.boot.test.json.DuplicateJsonObjectContextCustomizerFactory$DuplicateJsonObjectContextCustomizer@4d465b11, org.springframework.boot.test.mock.mockito.MockitoContextCustomizer@0, org.springframework.boot.test.web.client.TestRestTemplateContextCustomizer@7e7be63f], resourceBasePath = 'src/main/webapp', contextLoader = 'org.springframework.boot.test.context.SpringBootContextLoader', parent = [null]], attributes = map['org.springframework.test.context.web.ServletTestExecutionListener.activateListener' -> true, 'org.springframework.test.context.web.ServletTestExecutionListener.populatedRequestContextHolder' -> true, 'org.springframework.test.context.web.ServletTestExecutionListener.resetRequestContextHolder' -> true]]
]]></system-out>
  <system-err><![CDATA[]]></system-err>
</testsuite>
