<?xml version="1.0" encoding="UTF-8"?>
<testsuite name="com.pitter.ApplicationTests" tests="1" skipped="0" failures="0" errors="0" timestamp="2022-01-14T16:53:12" hostname="jeongdaun-ui-MacBookAir.local" time="0.009">
  <properties/>
  <testcase name="contextLoads()" classname="com.pitter.ApplicationTests" time="0.009"/>
  <system-out><![CDATA[2022-01-15 01:53:12.112  INFO 11380 --- [    Test worker] .b.t.c.SpringBootTestContextBootstrapper : Neither @ContextConfiguration nor @ContextHierarchy found for test class [com.pitter.ApplicationTests], using SpringBootContextLoader
2022-01-15 01:53:12.114  INFO 11380 --- [    Test worker] o.s.t.c.support.AbstractContextLoader    : Could not detect default resource locations for test class [com.pitter.ApplicationTests]: no resource found for suffixes {-context.xml, Context.groovy}.
2022-01-15 01:53:12.114  INFO 11380 --- [    Test worker] t.c.s.AnnotationConfigContextLoaderUtils : Could not detect default configuration classes for test class [com.pitter.ApplicationTests]: ApplicationTests does not declare any static, non-private, non-final, nested classes annotated with @Configuration.
2022-01-15 01:53:12.133  INFO 11380 --- [    Test worker] .b.t.c.SpringBootTestContextBootstrapper : Found @SpringBootConfiguration com.pitter.Application for test class com.pitter.ApplicationTests
2022-01-15 01:53:12.136  INFO 11380 --- [    Test worker] .b.t.c.SpringBootTestContextBootstrapper : Loaded default TestExecutionListener class names from location [META-INF/spring.factories]: [org.springframework.boot.test.autoconfigure.restdocs.RestDocsTestExecutionListener, org.springframework.boot.test.autoconfigure.web.client.MockRestServiceServerResetTestExecutionListener, org.springframework.boot.test.autoconfigure.web.servlet.MockMvcPrintOnlyOnFailureTestExecutionListener, org.springframework.boot.test.autoconfigure.web.servlet.WebDriverTestExecutionListener, org.springframework.boot.test.mock.mockito.MockitoTestExecutionListener, org.springframework.boot.test.mock.mockito.ResetMocksTestExecutionListener, org.springframework.test.context.web.ServletTestExecutionListener, org.springframework.test.context.support.DirtiesContextBeforeModesTestExecutionListener, org.springframework.test.context.support.DependencyInjectionTestExecutionListener, org.springframework.test.context.support.DirtiesContextTestExecutionListener, org.springframework.test.context.transaction.TransactionalTestExecutionListener, org.springframework.test.context.jdbc.SqlScriptsTestExecutionListener, org.springframework.test.context.event.EventPublishingTestExecutionListener]
2022-01-15 01:53:12.136  INFO 11380 --- [    Test worker] .b.t.c.SpringBootTestContextBootstrapper : Using TestExecutionListeners: [org.springframework.test.context.web.ServletTestExecutionListener@4e293c35, org.springframework.test.context.support.DirtiesContextBeforeModesTestExecutionListener@718198db, org.springframework.boot.test.mock.mockito.MockitoTestExecutionListener@40bac624, org.springframework.boot.test.autoconfigure.SpringBootDependencyInjectionTestExecutionListener@1bc80978, org.springframework.test.context.support.DirtiesContextTestExecutionListener@1c8746a0, org.springframework.test.context.transaction.TransactionalTestExecutionListener@613d42ab, org.springframework.test.context.jdbc.SqlScriptsTestExecutionListener@7720334e, org.springframework.test.context.event.EventPublishingTestExecutionListener@2c78771b, org.springframework.boot.test.autoconfigure.restdocs.RestDocsTestExecutionListener@aec9672, org.springframework.boot.test.autoconfigure.web.client.MockRestServiceServerResetTestExecutionListener@1cfb59e, org.springframework.boot.test.autoconfigure.web.servlet.MockMvcPrintOnlyOnFailureTestExecutionListener@77035caa, org.springframework.boot.test.autoconfigure.web.servlet.WebDriverTestExecutionListener@18ac2dfe, org.springframework.boot.test.mock.mockito.ResetMocksTestExecutionListener@761d679f]
]]></system-out>
  <system-err><![CDATA[]]></system-err>
</testsuite>
