<?xml version="1.0" encoding="UTF-8"?>
<testsuite name="com.pitter.service.MemberServiceTest" tests="7" skipped="0" failures="0" errors="0" timestamp="2022-01-14T16:53:12" hostname="jeongdaun-ui-MacBookAir.local" time="0.095">
  <properties/>
  <testcase name="join_fail_Duplicate_NickName()" classname="com.pitter.service.MemberServiceTest" time="0.034"/>
  <testcase name="join_success()" classname="com.pitter.service.MemberServiceTest" time="0.011"/>
  <testcase name="isDuplicateNickName_success_Duplicated()" classname="com.pitter.service.MemberServiceTest" time="0.01"/>
  <testcase name="isDuplicateNickName_success_notDuplicated()" classname="com.pitter.service.MemberServiceTest" time="0.004"/>
  <testcase name="isDuplicateEmail_success_notDuplicated()" classname="com.pitter.service.MemberServiceTest" time="0.006"/>
  <testcase name="isDuplicateEmail_success_Duplicated()" classname="com.pitter.service.MemberServiceTest" time="0.011"/>
  <testcase name="join_fail_Duplicate_Email()" classname="com.pitter.service.MemberServiceTest" time="0.01"/>
  <system-out><![CDATA[2022-01-15 01:53:12.158  INFO 11380 --- [    Test worker] .b.t.c.SpringBootTestContextBootstrapper : Neither @ContextConfiguration nor @ContextHierarchy found for test class [com.pitter.service.MemberServiceTest], using SpringBootContextLoader
2022-01-15 01:53:12.159  INFO 11380 --- [    Test worker] o.s.t.c.support.AbstractContextLoader    : Could not detect default resource locations for test class [com.pitter.service.MemberServiceTest]: no resource found for suffixes {-context.xml, Context.groovy}.
2022-01-15 01:53:12.159  INFO 11380 --- [    Test worker] t.c.s.AnnotationConfigContextLoaderUtils : Could not detect default configuration classes for test class [com.pitter.service.MemberServiceTest]: MemberServiceTest does not declare any static, non-private, non-final, nested classes annotated with @Configuration.
2022-01-15 01:53:12.166  INFO 11380 --- [    Test worker] .b.t.c.SpringBootTestContextBootstrapper : Found @SpringBootConfiguration com.pitter.Application for test class com.pitter.service.MemberServiceTest
2022-01-15 01:53:12.168  INFO 11380 --- [    Test worker] .b.t.c.SpringBootTestContextBootstrapper : Loaded default TestExecutionListener class names from location [META-INF/spring.factories]: [org.springframework.boot.test.autoconfigure.restdocs.RestDocsTestExecutionListener, org.springframework.boot.test.autoconfigure.web.client.MockRestServiceServerResetTestExecutionListener, org.springframework.boot.test.autoconfigure.web.servlet.MockMvcPrintOnlyOnFailureTestExecutionListener, org.springframework.boot.test.autoconfigure.web.servlet.WebDriverTestExecutionListener, org.springframework.boot.test.mock.mockito.MockitoTestExecutionListener, org.springframework.boot.test.mock.mockito.ResetMocksTestExecutionListener, org.springframework.test.context.web.ServletTestExecutionListener, org.springframework.test.context.support.DirtiesContextBeforeModesTestExecutionListener, org.springframework.test.context.support.DependencyInjectionTestExecutionListener, org.springframework.test.context.support.DirtiesContextTestExecutionListener, org.springframework.test.context.transaction.TransactionalTestExecutionListener, org.springframework.test.context.jdbc.SqlScriptsTestExecutionListener, org.springframework.test.context.event.EventPublishingTestExecutionListener]
2022-01-15 01:53:12.168  INFO 11380 --- [    Test worker] .b.t.c.SpringBootTestContextBootstrapper : Using TestExecutionListeners: [org.springframework.test.context.web.ServletTestExecutionListener@17da6e45, org.springframework.test.context.support.DirtiesContextBeforeModesTestExecutionListener@6af10aa7, org.springframework.boot.test.mock.mockito.MockitoTestExecutionListener@15eaa2ce, org.springframework.boot.test.autoconfigure.SpringBootDependencyInjectionTestExecutionListener@1d0fae45, org.springframework.test.context.support.DirtiesContextTestExecutionListener@596343e7, org.springframework.test.context.transaction.TransactionalTestExecutionListener@3b25ce5e, org.springframework.test.context.jdbc.SqlScriptsTestExecutionListener@7b99e726, org.springframework.test.context.event.EventPublishingTestExecutionListener@1b841396, org.springframework.boot.test.autoconfigure.restdocs.RestDocsTestExecutionListener@583b177a, org.springframework.boot.test.autoconfigure.web.client.MockRestServiceServerResetTestExecutionListener@4d79651d, org.springframework.boot.test.autoconfigure.web.servlet.MockMvcPrintOnlyOnFailureTestExecutionListener@796d0b43, org.springframework.boot.test.autoconfigure.web.servlet.WebDriverTestExecutionListener@424ebf5b, org.springframework.boot.test.mock.mockito.ResetMocksTestExecutionListener@42cef0af]
2022-01-15 01:53:12.177  INFO 11380 --- [    Test worker] o.s.t.c.transaction.TransactionContext   : Began transaction (1) for test context [DefaultTestContext@623cd12e testClass = MemberServiceTest, testInstance = com.pitter.service.MemberServiceTest@57421e4e, testMethod = join_fail_Duplicate_NickName@MemberServiceTest, testException = [null], mergedContextConfiguration = [WebMergedContextConfiguration@5a75bad4 testClass = MemberServiceTest, locations = '{}', classes = '{class com.pitter.Application}', contextInitializerClasses = '[]', activeProfiles = '{}', propertySourceLocations = '{}', propertySourceProperties = '{org.springframework.boot.test.context.SpringBootTestContextBootstrapper=true}', contextCustomizers = set[org.springframework.boot.test.autoconfigure.properties.PropertyMappingContextCustomizer@0, org.springframework.boot.test.autoconfigure.web.servlet.WebDriverContextCustomizerFactory$Customizer@2cc44ad, org.springframework.boot.test.context.filter.ExcludeFilterContextCustomizer@6ebf0f36, org.springframework.boot.test.json.DuplicateJsonObjectContextCustomizerFactory$DuplicateJsonObjectContextCustomizer@72c28d64, org.springframework.boot.test.mock.mockito.MockitoContextCustomizer@0, org.springframework.boot.test.web.client.TestRestTemplateContextCustomizer@7216fb24], resourceBasePath = 'src/main/webapp', contextLoader = 'org.springframework.boot.test.context.SpringBootContextLoader', parent = [null]], attributes = map['org.springframework.test.context.web.ServletTestExecutionListener.activateListener' -> true, 'org.springframework.test.context.web.ServletTestExecutionListener.populatedRequestContextHolder' -> true, 'org.springframework.test.context.web.ServletTestExecutionListener.resetRequestContextHolder' -> true]]; transaction manager [org.springframework.orm.jpa.JpaTransactionManager@7e474bd]; rollback [true]
Hibernate: 
    call next value for hibernate_sequence
Hibernate: 
    insert 
    into
        member
        (created_by, created_date, last_modified_by, last_modified_date, email, nick_name, member_id) 
    values
        (?, ?, ?, ?, ?, ?, ?)
Hibernate: 
    select
        member0_.member_id as member_i1_1_,
        member0_.created_by as created_2_1_,
        member0_.created_date as created_3_1_,
        member0_.last_modified_by as last_mod4_1_,
        member0_.last_modified_date as last_mod5_1_,
        member0_.email as email6_1_,
        member0_.nick_name as nick_nam7_1_ 
    from
        member member0_ 
    where
        member0_.email=?
Hibernate: 
    select
        member0_.member_id as member_i1_1_,
        member0_.created_by as created_2_1_,
        member0_.created_date as created_3_1_,
        member0_.last_modified_by as last_mod4_1_,
        member0_.last_modified_date as last_mod5_1_,
        member0_.email as email6_1_,
        member0_.nick_name as nick_nam7_1_ 
    from
        member member0_ 
    where
        member0_.nick_name=?
2022-01-15 01:53:12.208  INFO 11380 --- [    Test worker] o.s.t.c.transaction.TransactionContext   : Rolled back transaction for test: [DefaultTestContext@623cd12e testClass = MemberServiceTest, testInstance = com.pitter.service.MemberServiceTest@57421e4e, testMethod = join_fail_Duplicate_NickName@MemberServiceTest, testException = [null], mergedContextConfiguration = [WebMergedContextConfiguration@5a75bad4 testClass = MemberServiceTest, locations = '{}', classes = '{class com.pitter.Application}', contextInitializerClasses = '[]', activeProfiles = '{}', propertySourceLocations = '{}', propertySourceProperties = '{org.springframework.boot.test.context.SpringBootTestContextBootstrapper=true}', contextCustomizers = set[org.springframework.boot.test.autoconfigure.properties.PropertyMappingContextCustomizer@0, org.springframework.boot.test.autoconfigure.web.servlet.WebDriverContextCustomizerFactory$Customizer@2cc44ad, org.springframework.boot.test.context.filter.ExcludeFilterContextCustomizer@6ebf0f36, org.springframework.boot.test.json.DuplicateJsonObjectContextCustomizerFactory$DuplicateJsonObjectContextCustomizer@72c28d64, org.springframework.boot.test.mock.mockito.MockitoContextCustomizer@0, org.springframework.boot.test.web.client.TestRestTemplateContextCustomizer@7216fb24], resourceBasePath = 'src/main/webapp', contextLoader = 'org.springframework.boot.test.context.SpringBootContextLoader', parent = [null]], attributes = map['org.springframework.test.context.web.ServletTestExecutionListener.activateListener' -> true, 'org.springframework.test.context.web.ServletTestExecutionListener.populatedRequestContextHolder' -> true, 'org.springframework.test.context.web.ServletTestExecutionListener.resetRequestContextHolder' -> true]]
2022-01-15 01:53:12.214  INFO 11380 --- [    Test worker] o.s.t.c.transaction.TransactionContext   : Began transaction (1) for test context [DefaultTestContext@623cd12e testClass = MemberServiceTest, testInstance = com.pitter.service.MemberServiceTest@6efd83ac, testMethod = join_success@MemberServiceTest, testException = [null], mergedContextConfiguration = [WebMergedContextConfiguration@5a75bad4 testClass = MemberServiceTest, locations = '{}', classes = '{class com.pitter.Application}', contextInitializerClasses = '[]', activeProfiles = '{}', propertySourceLocations = '{}', propertySourceProperties = '{org.springframework.boot.test.context.SpringBootTestContextBootstrapper=true}', contextCustomizers = set[org.springframework.boot.test.autoconfigure.properties.PropertyMappingContextCustomizer@0, org.springframework.boot.test.autoconfigure.web.servlet.WebDriverContextCustomizerFactory$Customizer@2cc44ad, org.springframework.boot.test.context.filter.ExcludeFilterContextCustomizer@6ebf0f36, org.springframework.boot.test.json.DuplicateJsonObjectContextCustomizerFactory$DuplicateJsonObjectContextCustomizer@72c28d64, org.springframework.boot.test.mock.mockito.MockitoContextCustomizer@0, org.springframework.boot.test.web.client.TestRestTemplateContextCustomizer@7216fb24], resourceBasePath = 'src/main/webapp', contextLoader = 'org.springframework.boot.test.context.SpringBootContextLoader', parent = [null]], attributes = map['org.springframework.test.context.web.ServletTestExecutionListener.activateListener' -> true, 'org.springframework.test.context.web.ServletTestExecutionListener.populatedRequestContextHolder' -> true, 'org.springframework.test.context.web.ServletTestExecutionListener.resetRequestContextHolder' -> true]]; transaction manager [org.springframework.orm.jpa.JpaTransactionManager@7e474bd]; rollback [true]
Hibernate: 
    select
        member0_.member_id as member_i1_1_,
        member0_.created_by as created_2_1_,
        member0_.created_date as created_3_1_,
        member0_.last_modified_by as last_mod4_1_,
        member0_.last_modified_date as last_mod5_1_,
        member0_.email as email6_1_,
        member0_.nick_name as nick_nam7_1_ 
    from
        member member0_ 
    where
        member0_.email=?
Hibernate: 
    select
        member0_.member_id as member_i1_1_,
        member0_.created_by as created_2_1_,
        member0_.created_date as created_3_1_,
        member0_.last_modified_by as last_mod4_1_,
        member0_.last_modified_date as last_mod5_1_,
        member0_.email as email6_1_,
        member0_.nick_name as nick_nam7_1_ 
    from
        member member0_ 
    where
        member0_.nick_name=?
Hibernate: 
    call next value for hibernate_sequence
2022-01-15 01:53:12.223  INFO 11380 --- [    Test worker] o.s.t.c.transaction.TransactionContext   : Rolled back transaction for test: [DefaultTestContext@623cd12e testClass = MemberServiceTest, testInstance = com.pitter.service.MemberServiceTest@6efd83ac, testMethod = join_success@MemberServiceTest, testException = [null], mergedContextConfiguration = [WebMergedContextConfiguration@5a75bad4 testClass = MemberServiceTest, locations = '{}', classes = '{class com.pitter.Application}', contextInitializerClasses = '[]', activeProfiles = '{}', propertySourceLocations = '{}', propertySourceProperties = '{org.springframework.boot.test.context.SpringBootTestContextBootstrapper=true}', contextCustomizers = set[org.springframework.boot.test.autoconfigure.properties.PropertyMappingContextCustomizer@0, org.springframework.boot.test.autoconfigure.web.servlet.WebDriverContextCustomizerFactory$Customizer@2cc44ad, org.springframework.boot.test.context.filter.ExcludeFilterContextCustomizer@6ebf0f36, org.springframework.boot.test.json.DuplicateJsonObjectContextCustomizerFactory$DuplicateJsonObjectContextCustomizer@72c28d64, org.springframework.boot.test.mock.mockito.MockitoContextCustomizer@0, org.springframework.boot.test.web.client.TestRestTemplateContextCustomizer@7216fb24], resourceBasePath = 'src/main/webapp', contextLoader = 'org.springframework.boot.test.context.SpringBootContextLoader', parent = [null]], attributes = map['org.springframework.test.context.web.ServletTestExecutionListener.activateListener' -> true, 'org.springframework.test.context.web.ServletTestExecutionListener.populatedRequestContextHolder' -> true, 'org.springframework.test.context.web.ServletTestExecutionListener.resetRequestContextHolder' -> true]]
2022-01-15 01:53:12.225  INFO 11380 --- [    Test worker] o.s.t.c.transaction.TransactionContext   : Began transaction (1) for test context [DefaultTestContext@623cd12e testClass = MemberServiceTest, testInstance = com.pitter.service.MemberServiceTest@71c1e70f, testMethod = isDuplicateNickName_success_Duplicated@MemberServiceTest, testException = [null], mergedContextConfiguration = [WebMergedContextConfiguration@5a75bad4 testClass = MemberServiceTest, locations = '{}', classes = '{class com.pitter.Application}', contextInitializerClasses = '[]', activeProfiles = '{}', propertySourceLocations = '{}', propertySourceProperties = '{org.springframework.boot.test.context.SpringBootTestContextBootstrapper=true}', contextCustomizers = set[org.springframework.boot.test.autoconfigure.properties.PropertyMappingContextCustomizer@0, org.springframework.boot.test.autoconfigure.web.servlet.WebDriverContextCustomizerFactory$Customizer@2cc44ad, org.springframework.boot.test.context.filter.ExcludeFilterContextCustomizer@6ebf0f36, org.springframework.boot.test.json.DuplicateJsonObjectContextCustomizerFactory$DuplicateJsonObjectContextCustomizer@72c28d64, org.springframework.boot.test.mock.mockito.MockitoContextCustomizer@0, org.springframework.boot.test.web.client.TestRestTemplateContextCustomizer@7216fb24], resourceBasePath = 'src/main/webapp', contextLoader = 'org.springframework.boot.test.context.SpringBootContextLoader', parent = [null]], attributes = map['org.springframework.test.context.web.ServletTestExecutionListener.activateListener' -> true, 'org.springframework.test.context.web.ServletTestExecutionListener.populatedRequestContextHolder' -> true, 'org.springframework.test.context.web.ServletTestExecutionListener.resetRequestContextHolder' -> true]]; transaction manager [org.springframework.orm.jpa.JpaTransactionManager@7e474bd]; rollback [true]
Hibernate: 
    call next value for hibernate_sequence
Hibernate: 
    insert 
    into
        member
        (created_by, created_date, last_modified_by, last_modified_date, email, nick_name, member_id) 
    values
        (?, ?, ?, ?, ?, ?, ?)
Hibernate: 
    select
        member0_.member_id as member_i1_1_,
        member0_.created_by as created_2_1_,
        member0_.created_date as created_3_1_,
        member0_.last_modified_by as last_mod4_1_,
        member0_.last_modified_date as last_mod5_1_,
        member0_.email as email6_1_,
        member0_.nick_name as nick_nam7_1_ 
    from
        member member0_ 
    where
        member0_.nick_name=?
2022-01-15 01:53:12.234  INFO 11380 --- [    Test worker] o.s.t.c.transaction.TransactionContext   : Rolled back transaction for test: [DefaultTestContext@623cd12e testClass = MemberServiceTest, testInstance = com.pitter.service.MemberServiceTest@71c1e70f, testMethod = isDuplicateNickName_success_Duplicated@MemberServiceTest, testException = [null], mergedContextConfiguration = [WebMergedContextConfiguration@5a75bad4 testClass = MemberServiceTest, locations = '{}', classes = '{class com.pitter.Application}', contextInitializerClasses = '[]', activeProfiles = '{}', propertySourceLocations = '{}', propertySourceProperties = '{org.springframework.boot.test.context.SpringBootTestContextBootstrapper=true}', contextCustomizers = set[org.springframework.boot.test.autoconfigure.properties.PropertyMappingContextCustomizer@0, org.springframework.boot.test.autoconfigure.web.servlet.WebDriverContextCustomizerFactory$Customizer@2cc44ad, org.springframework.boot.test.context.filter.ExcludeFilterContextCustomizer@6ebf0f36, org.springframework.boot.test.json.DuplicateJsonObjectContextCustomizerFactory$DuplicateJsonObjectContextCustomizer@72c28d64, org.springframework.boot.test.mock.mockito.MockitoContextCustomizer@0, org.springframework.boot.test.web.client.TestRestTemplateContextCustomizer@7216fb24], resourceBasePath = 'src/main/webapp', contextLoader = 'org.springframework.boot.test.context.SpringBootContextLoader', parent = [null]], attributes = map['org.springframework.test.context.web.ServletTestExecutionListener.activateListener' -> true, 'org.springframework.test.context.web.ServletTestExecutionListener.populatedRequestContextHolder' -> true, 'org.springframework.test.context.web.ServletTestExecutionListener.resetRequestContextHolder' -> true]]
2022-01-15 01:53:12.236  INFO 11380 --- [    Test worker] o.s.t.c.transaction.TransactionContext   : Began transaction (1) for test context [DefaultTestContext@623cd12e testClass = MemberServiceTest, testInstance = com.pitter.service.MemberServiceTest@4271960c, testMethod = isDuplicateNickName_success_notDuplicated@MemberServiceTest, testException = [null], mergedContextConfiguration = [WebMergedContextConfiguration@5a75bad4 testClass = MemberServiceTest, locations = '{}', classes = '{class com.pitter.Application}', contextInitializerClasses = '[]', activeProfiles = '{}', propertySourceLocations = '{}', propertySourceProperties = '{org.springframework.boot.test.context.SpringBootTestContextBootstrapper=true}', contextCustomizers = set[org.springframework.boot.test.autoconfigure.properties.PropertyMappingContextCustomizer@0, org.springframework.boot.test.autoconfigure.web.servlet.WebDriverContextCustomizerFactory$Customizer@2cc44ad, org.springframework.boot.test.context.filter.ExcludeFilterContextCustomizer@6ebf0f36, org.springframework.boot.test.json.DuplicateJsonObjectContextCustomizerFactory$DuplicateJsonObjectContextCustomizer@72c28d64, org.springframework.boot.test.mock.mockito.MockitoContextCustomizer@0, org.springframework.boot.test.web.client.TestRestTemplateContextCustomizer@7216fb24], resourceBasePath = 'src/main/webapp', contextLoader = 'org.springframework.boot.test.context.SpringBootContextLoader', parent = [null]], attributes = map['org.springframework.test.context.web.ServletTestExecutionListener.activateListener' -> true, 'org.springframework.test.context.web.ServletTestExecutionListener.populatedRequestContextHolder' -> true, 'org.springframework.test.context.web.ServletTestExecutionListener.resetRequestContextHolder' -> true]]; transaction manager [org.springframework.orm.jpa.JpaTransactionManager@7e474bd]; rollback [true]
Hibernate: 
    select
        member0_.member_id as member_i1_1_,
        member0_.created_by as created_2_1_,
        member0_.created_date as created_3_1_,
        member0_.last_modified_by as last_mod4_1_,
        member0_.last_modified_date as last_mod5_1_,
        member0_.email as email6_1_,
        member0_.nick_name as nick_nam7_1_ 
    from
        member member0_ 
    where
        member0_.nick_name=?
2022-01-15 01:53:12.240  INFO 11380 --- [    Test worker] o.s.t.c.transaction.TransactionContext   : Rolled back transaction for test: [DefaultTestContext@623cd12e testClass = MemberServiceTest, testInstance = com.pitter.service.MemberServiceTest@4271960c, testMethod = isDuplicateNickName_success_notDuplicated@MemberServiceTest, testException = [null], mergedContextConfiguration = [WebMergedContextConfiguration@5a75bad4 testClass = MemberServiceTest, locations = '{}', classes = '{class com.pitter.Application}', contextInitializerClasses = '[]', activeProfiles = '{}', propertySourceLocations = '{}', propertySourceProperties = '{org.springframework.boot.test.context.SpringBootTestContextBootstrapper=true}', contextCustomizers = set[org.springframework.boot.test.autoconfigure.properties.PropertyMappingContextCustomizer@0, org.springframework.boot.test.autoconfigure.web.servlet.WebDriverContextCustomizerFactory$Customizer@2cc44ad, org.springframework.boot.test.context.filter.ExcludeFilterContextCustomizer@6ebf0f36, org.springframework.boot.test.json.DuplicateJsonObjectContextCustomizerFactory$DuplicateJsonObjectContextCustomizer@72c28d64, org.springframework.boot.test.mock.mockito.MockitoContextCustomizer@0, org.springframework.boot.test.web.client.TestRestTemplateContextCustomizer@7216fb24], resourceBasePath = 'src/main/webapp', contextLoader = 'org.springframework.boot.test.context.SpringBootContextLoader', parent = [null]], attributes = map['org.springframework.test.context.web.ServletTestExecutionListener.activateListener' -> true, 'org.springframework.test.context.web.ServletTestExecutionListener.populatedRequestContextHolder' -> true, 'org.springframework.test.context.web.ServletTestExecutionListener.resetRequestContextHolder' -> true]]
2022-01-15 01:53:12.241  INFO 11380 --- [    Test worker] o.s.t.c.transaction.TransactionContext   : Began transaction (1) for test context [DefaultTestContext@623cd12e testClass = MemberServiceTest, testInstance = com.pitter.service.MemberServiceTest@56ed9270, testMethod = isDuplicateEmail_success_notDuplicated@MemberServiceTest, testException = [null], mergedContextConfiguration = [WebMergedContextConfiguration@5a75bad4 testClass = MemberServiceTest, locations = '{}', classes = '{class com.pitter.Application}', contextInitializerClasses = '[]', activeProfiles = '{}', propertySourceLocations = '{}', propertySourceProperties = '{org.springframework.boot.test.context.SpringBootTestContextBootstrapper=true}', contextCustomizers = set[org.springframework.boot.test.autoconfigure.properties.PropertyMappingContextCustomizer@0, org.springframework.boot.test.autoconfigure.web.servlet.WebDriverContextCustomizerFactory$Customizer@2cc44ad, org.springframework.boot.test.context.filter.ExcludeFilterContextCustomizer@6ebf0f36, org.springframework.boot.test.json.DuplicateJsonObjectContextCustomizerFactory$DuplicateJsonObjectContextCustomizer@72c28d64, org.springframework.boot.test.mock.mockito.MockitoContextCustomizer@0, org.springframework.boot.test.web.client.TestRestTemplateContextCustomizer@7216fb24], resourceBasePath = 'src/main/webapp', contextLoader = 'org.springframework.boot.test.context.SpringBootContextLoader', parent = [null]], attributes = map['org.springframework.test.context.web.ServletTestExecutionListener.activateListener' -> true, 'org.springframework.test.context.web.ServletTestExecutionListener.populatedRequestContextHolder' -> true, 'org.springframework.test.context.web.ServletTestExecutionListener.resetRequestContextHolder' -> true]]; transaction manager [org.springframework.orm.jpa.JpaTransactionManager@7e474bd]; rollback [true]
Hibernate: 
    select
        member0_.member_id as member_i1_1_,
        member0_.created_by as created_2_1_,
        member0_.created_date as created_3_1_,
        member0_.last_modified_by as last_mod4_1_,
        member0_.last_modified_date as last_mod5_1_,
        member0_.email as email6_1_,
        member0_.nick_name as nick_nam7_1_ 
    from
        member member0_ 
    where
        member0_.email=?
2022-01-15 01:53:12.246  INFO 11380 --- [    Test worker] o.s.t.c.transaction.TransactionContext   : Rolled back transaction for test: [DefaultTestContext@623cd12e testClass = MemberServiceTest, testInstance = com.pitter.service.MemberServiceTest@56ed9270, testMethod = isDuplicateEmail_success_notDuplicated@MemberServiceTest, testException = [null], mergedContextConfiguration = [WebMergedContextConfiguration@5a75bad4 testClass = MemberServiceTest, locations = '{}', classes = '{class com.pitter.Application}', contextInitializerClasses = '[]', activeProfiles = '{}', propertySourceLocations = '{}', propertySourceProperties = '{org.springframework.boot.test.context.SpringBootTestContextBootstrapper=true}', contextCustomizers = set[org.springframework.boot.test.autoconfigure.properties.PropertyMappingContextCustomizer@0, org.springframework.boot.test.autoconfigure.web.servlet.WebDriverContextCustomizerFactory$Customizer@2cc44ad, org.springframework.boot.test.context.filter.ExcludeFilterContextCustomizer@6ebf0f36, org.springframework.boot.test.json.DuplicateJsonObjectContextCustomizerFactory$DuplicateJsonObjectContextCustomizer@72c28d64, org.springframework.boot.test.mock.mockito.MockitoContextCustomizer@0, org.springframework.boot.test.web.client.TestRestTemplateContextCustomizer@7216fb24], resourceBasePath = 'src/main/webapp', contextLoader = 'org.springframework.boot.test.context.SpringBootContextLoader', parent = [null]], attributes = map['org.springframework.test.context.web.ServletTestExecutionListener.activateListener' -> true, 'org.springframework.test.context.web.ServletTestExecutionListener.populatedRequestContextHolder' -> true, 'org.springframework.test.context.web.ServletTestExecutionListener.resetRequestContextHolder' -> true]]
2022-01-15 01:53:12.248  INFO 11380 --- [    Test worker] o.s.t.c.transaction.TransactionContext   : Began transaction (1) for test context [DefaultTestContext@623cd12e testClass = MemberServiceTest, testInstance = com.pitter.service.MemberServiceTest@621a7d83, testMethod = isDuplicateEmail_success_Duplicated@MemberServiceTest, testException = [null], mergedContextConfiguration = [WebMergedContextConfiguration@5a75bad4 testClass = MemberServiceTest, locations = '{}', classes = '{class com.pitter.Application}', contextInitializerClasses = '[]', activeProfiles = '{}', propertySourceLocations = '{}', propertySourceProperties = '{org.springframework.boot.test.context.SpringBootTestContextBootstrapper=true}', contextCustomizers = set[org.springframework.boot.test.autoconfigure.properties.PropertyMappingContextCustomizer@0, org.springframework.boot.test.autoconfigure.web.servlet.WebDriverContextCustomizerFactory$Customizer@2cc44ad, org.springframework.boot.test.context.filter.ExcludeFilterContextCustomizer@6ebf0f36, org.springframework.boot.test.json.DuplicateJsonObjectContextCustomizerFactory$DuplicateJsonObjectContextCustomizer@72c28d64, org.springframework.boot.test.mock.mockito.MockitoContextCustomizer@0, org.springframework.boot.test.web.client.TestRestTemplateContextCustomizer@7216fb24], resourceBasePath = 'src/main/webapp', contextLoader = 'org.springframework.boot.test.context.SpringBootContextLoader', parent = [null]], attributes = map['org.springframework.test.context.web.ServletTestExecutionListener.activateListener' -> true, 'org.springframework.test.context.web.ServletTestExecutionListener.populatedRequestContextHolder' -> true, 'org.springframework.test.context.web.ServletTestExecutionListener.resetRequestContextHolder' -> true]]; transaction manager [org.springframework.orm.jpa.JpaTransactionManager@7e474bd]; rollback [true]
Hibernate: 
    call next value for hibernate_sequence
Hibernate: 
    insert 
    into
        member
        (created_by, created_date, last_modified_by, last_modified_date, email, nick_name, member_id) 
    values
        (?, ?, ?, ?, ?, ?, ?)
Hibernate: 
    select
        member0_.member_id as member_i1_1_,
        member0_.created_by as created_2_1_,
        member0_.created_date as created_3_1_,
        member0_.last_modified_by as last_mod4_1_,
        member0_.last_modified_date as last_mod5_1_,
        member0_.email as email6_1_,
        member0_.nick_name as nick_nam7_1_ 
    from
        member member0_ 
    where
        member0_.email=?
2022-01-15 01:53:12.259  INFO 11380 --- [    Test worker] o.s.t.c.transaction.TransactionContext   : Rolled back transaction for test: [DefaultTestContext@623cd12e testClass = MemberServiceTest, testInstance = com.pitter.service.MemberServiceTest@621a7d83, testMethod = isDuplicateEmail_success_Duplicated@MemberServiceTest, testException = [null], mergedContextConfiguration = [WebMergedContextConfiguration@5a75bad4 testClass = MemberServiceTest, locations = '{}', classes = '{class com.pitter.Application}', contextInitializerClasses = '[]', activeProfiles = '{}', propertySourceLocations = '{}', propertySourceProperties = '{org.springframework.boot.test.context.SpringBootTestContextBootstrapper=true}', contextCustomizers = set[org.springframework.boot.test.autoconfigure.properties.PropertyMappingContextCustomizer@0, org.springframework.boot.test.autoconfigure.web.servlet.WebDriverContextCustomizerFactory$Customizer@2cc44ad, org.springframework.boot.test.context.filter.ExcludeFilterContextCustomizer@6ebf0f36, org.springframework.boot.test.json.DuplicateJsonObjectContextCustomizerFactory$DuplicateJsonObjectContextCustomizer@72c28d64, org.springframework.boot.test.mock.mockito.MockitoContextCustomizer@0, org.springframework.boot.test.web.client.TestRestTemplateContextCustomizer@7216fb24], resourceBasePath = 'src/main/webapp', contextLoader = 'org.springframework.boot.test.context.SpringBootContextLoader', parent = [null]], attributes = map['org.springframework.test.context.web.ServletTestExecutionListener.activateListener' -> true, 'org.springframework.test.context.web.ServletTestExecutionListener.populatedRequestContextHolder' -> true, 'org.springframework.test.context.web.ServletTestExecutionListener.resetRequestContextHolder' -> true]]
2022-01-15 01:53:12.261  INFO 11380 --- [    Test worker] o.s.t.c.transaction.TransactionContext   : Began transaction (1) for test context [DefaultTestContext@623cd12e testClass = MemberServiceTest, testInstance = com.pitter.service.MemberServiceTest@3cdafb82, testMethod = join_fail_Duplicate_Email@MemberServiceTest, testException = [null], mergedContextConfiguration = [WebMergedContextConfiguration@5a75bad4 testClass = MemberServiceTest, locations = '{}', classes = '{class com.pitter.Application}', contextInitializerClasses = '[]', activeProfiles = '{}', propertySourceLocations = '{}', propertySourceProperties = '{org.springframework.boot.test.context.SpringBootTestContextBootstrapper=true}', contextCustomizers = set[org.springframework.boot.test.autoconfigure.properties.PropertyMappingContextCustomizer@0, org.springframework.boot.test.autoconfigure.web.servlet.WebDriverContextCustomizerFactory$Customizer@2cc44ad, org.springframework.boot.test.context.filter.ExcludeFilterContextCustomizer@6ebf0f36, org.springframework.boot.test.json.DuplicateJsonObjectContextCustomizerFactory$DuplicateJsonObjectContextCustomizer@72c28d64, org.springframework.boot.test.mock.mockito.MockitoContextCustomizer@0, org.springframework.boot.test.web.client.TestRestTemplateContextCustomizer@7216fb24], resourceBasePath = 'src/main/webapp', contextLoader = 'org.springframework.boot.test.context.SpringBootContextLoader', parent = [null]], attributes = map['org.springframework.test.context.web.ServletTestExecutionListener.activateListener' -> true, 'org.springframework.test.context.web.ServletTestExecutionListener.populatedRequestContextHolder' -> true, 'org.springframework.test.context.web.ServletTestExecutionListener.resetRequestContextHolder' -> true]]; transaction manager [org.springframework.orm.jpa.JpaTransactionManager@7e474bd]; rollback [true]
Hibernate: 
    call next value for hibernate_sequence
Hibernate: 
    insert 
    into
        member
        (created_by, created_date, last_modified_by, last_modified_date, email, nick_name, member_id) 
    values
        (?, ?, ?, ?, ?, ?, ?)
Hibernate: 
    select
        member0_.member_id as member_i1_1_,
        member0_.created_by as created_2_1_,
        member0_.created_date as created_3_1_,
        member0_.last_modified_by as last_mod4_1_,
        member0_.last_modified_date as last_mod5_1_,
        member0_.email as email6_1_,
        member0_.nick_name as nick_nam7_1_ 
    from
        member member0_ 
    where
        member0_.email=?
2022-01-15 01:53:12.270  INFO 11380 --- [    Test worker] o.s.t.c.transaction.TransactionContext   : Rolled back transaction for test: [DefaultTestContext@623cd12e testClass = MemberServiceTest, testInstance = com.pitter.service.MemberServiceTest@3cdafb82, testMethod = join_fail_Duplicate_Email@MemberServiceTest, testException = [null], mergedContextConfiguration = [WebMergedContextConfiguration@5a75bad4 testClass = MemberServiceTest, locations = '{}', classes = '{class com.pitter.Application}', contextInitializerClasses = '[]', activeProfiles = '{}', propertySourceLocations = '{}', propertySourceProperties = '{org.springframework.boot.test.context.SpringBootTestContextBootstrapper=true}', contextCustomizers = set[org.springframework.boot.test.autoconfigure.properties.PropertyMappingContextCustomizer@0, org.springframework.boot.test.autoconfigure.web.servlet.WebDriverContextCustomizerFactory$Customizer@2cc44ad, org.springframework.boot.test.context.filter.ExcludeFilterContextCustomizer@6ebf0f36, org.springframework.boot.test.json.DuplicateJsonObjectContextCustomizerFactory$DuplicateJsonObjectContextCustomizer@72c28d64, org.springframework.boot.test.mock.mockito.MockitoContextCustomizer@0, org.springframework.boot.test.web.client.TestRestTemplateContextCustomizer@7216fb24], resourceBasePath = 'src/main/webapp', contextLoader = 'org.springframework.boot.test.context.SpringBootContextLoader', parent = [null]], attributes = map['org.springframework.test.context.web.ServletTestExecutionListener.activateListener' -> true, 'org.springframework.test.context.web.ServletTestExecutionListener.populatedRequestContextHolder' -> true, 'org.springframework.test.context.web.ServletTestExecutionListener.resetRequestContextHolder' -> true]]
]]></system-out>
  <system-err><![CDATA[]]></system-err>
</testsuite>
