<?xml version="1.0" encoding="UTF-8"?>
<testsuite name="com.pitter.ApplicationTests" tests="1" skipped="0" failures="0" errors="0" timestamp="2022-01-14T15:39:03" hostname="jeongdaun-ui-MacBookAir.local" time="0.01">
  <properties/>
  <testcase name="contextLoads()" classname="com.pitter.ApplicationTests" time="0.01"/>
  <system-out><![CDATA[2022-01-15 00:39:03.586  INFO 10386 --- [    Test worker] .b.t.c.SpringBootTestContextBootstrapper : Neither @ContextConfiguration nor @ContextHierarchy found for test class [com.pitter.ApplicationTests], using SpringBootContextLoader
2022-01-15 00:39:03.588  INFO 10386 --- [    Test worker] o.s.t.c.support.AbstractContextLoader    : Could not detect default resource locations for test class [com.pitter.ApplicationTests]: no resource found for suffixes {-context.xml, Context.groovy}.
2022-01-15 00:39:03.588  INFO 10386 --- [    Test worker] t.c.s.AnnotationConfigContextLoaderUtils : Could not detect default configuration classes for test class [com.pitter.ApplicationTests]: ApplicationTests does not declare any static, non-private, non-final, nested classes annotated with @Configuration.
2022-01-15 00:39:03.613  INFO 10386 --- [    Test worker] .b.t.c.SpringBootTestContextBootstrapper : Found @SpringBootConfiguration com.pitter.Application for test class com.pitter.ApplicationTests
2022-01-15 00:39:03.619  INFO 10386 --- [    Test worker] .b.t.c.SpringBootTestContextBootstrapper : Loaded default TestExecutionListener class names from location [META-INF/spring.factories]: [org.springframework.boot.test.autoconfigure.restdocs.RestDocsTestExecutionListener, org.springframework.boot.test.autoconfigure.web.client.MockRestServiceServerResetTestExecutionListener, org.springframework.boot.test.autoconfigure.web.servlet.MockMvcPrintOnlyOnFailureTestExecutionListener, org.springframework.boot.test.autoconfigure.web.servlet.WebDriverTestExecutionListener, org.springframework.boot.test.mock.mockito.MockitoTestExecutionListener, org.springframework.boot.test.mock.mockito.ResetMocksTestExecutionListener, org.springframework.test.context.web.ServletTestExecutionListener, org.springframework.test.context.support.DirtiesContextBeforeModesTestExecutionListener, org.springframework.test.context.support.DependencyInjectionTestExecutionListener, org.springframework.test.context.support.DirtiesContextTestExecutionListener, org.springframework.test.context.transaction.TransactionalTestExecutionListener, org.springframework.test.context.jdbc.SqlScriptsTestExecutionListener, org.springframework.test.context.event.EventPublishingTestExecutionListener]
2022-01-15 00:39:03.620  INFO 10386 --- [    Test worker] .b.t.c.SpringBootTestContextBootstrapper : Using TestExecutionListeners: [org.springframework.test.context.web.ServletTestExecutionListener@55d8f6bb, org.springframework.test.context.support.DirtiesContextBeforeModesTestExecutionListener@56b48163, org.springframework.boot.test.mock.mockito.MockitoTestExecutionListener@eb6ccbc, org.springframework.boot.test.autoconfigure.SpringBootDependencyInjectionTestExecutionListener@5eae392d, org.springframework.test.context.support.DirtiesContextTestExecutionListener@4cd1716d, org.springframework.test.context.transaction.TransactionalTestExecutionListener@3e1c5e0d, org.springframework.test.context.jdbc.SqlScriptsTestExecutionListener@6f7a65e, org.springframework.test.context.event.EventPublishingTestExecutionListener@29bf90fc, org.springframework.boot.test.autoconfigure.restdocs.RestDocsTestExecutionListener@6e22d6bf, org.springframework.boot.test.autoconfigure.web.client.MockRestServiceServerResetTestExecutionListener@32121140, org.springframework.boot.test.autoconfigure.web.servlet.MockMvcPrintOnlyOnFailureTestExecutionListener@96c840a, org.springframework.boot.test.autoconfigure.web.servlet.WebDriverTestExecutionListener@5c81ddab, org.springframework.boot.test.mock.mockito.ResetMocksTestExecutionListener@24ee6faa]
]]></system-out>
  <system-err><![CDATA[]]></system-err>
</testsuite>
